#
# There is insufficient memory for the Java Runtime Environment to continue.
# Native memory allocation (malloc) failed to allocate 5480 bytes for AllocateHeap
# Possible reasons:
#   The system is out of physical RAM or swap space
#   The process is running with CompressedOops enabled, and the Java Heap may be blocking the growth of the native heap
# Possible solutions:
#   Reduce memory load on the system
#   Increase physical memory or swap space
#   Check if swap backing store is full
#   Decrease Java heap size (-Xmx/-Xms)
#   Decrease number of Java threads
#   Decrease Java thread stack sizes (-Xss)
#   Set larger code cache with -XX:ReservedCodeCacheSize=
#   JVM is running with Unscaled Compressed Oops mode in which the Java heap is
#     placed in the first 4GB address space. The Java Heap base address is the
#     maximum limit for the native heap growth. Please use -XX:HeapBaseMinAddress
#     to set the Java Heap base and to place the Java Heap above 4GB virtual address.
# This output file may be truncated or incomplete.
#
#  Out of Memory Error (./open/src/hotspot/share/memory/allocation.cpp:46), pid=14644, tid=14448
#
# JRE version: Java(TM) SE Runtime Environment 18.9 (11.0.9+7) (build 11.0.9+7-LTS)
# Java VM: Java HotSpot(TM) 64-Bit Server VM 18.9 (11.0.9+7-LTS, mixed mode, tiered, compressed oops, parallel gc, windows-amd64)
# No core dump will be written. Minidumps are not enabled by default on client versions of Windows
#

---------------  S U M M A R Y ------------

Command Line: --add-modules=ALL-SYSTEM --add-opens=java.base/java.util=ALL-UNNAMED --add-opens=java.base/java.lang=ALL-UNNAMED -Declipse.application=org.eclipse.jdt.ls.core.id1 -Dosgi.bundles.defaultStartLevel=4 -Declipse.product=org.eclipse.jdt.ls.core.product -Dfile.encoding=utf8 -DwatchParentProcess=false -XX:+UseParallelGC -XX:GCTimeRatio=4 -XX:AdaptiveSizePolicyWeight=90 -Dsun.zip.disableMemoryMapping=true -Xmx1G -Xms100m -Xverify:none c:\Users\akate\.vscode\extensions\redhat.java-0.79.2\server\plugins\org.eclipse.equinox.launcher_1.6.100.v20201223-0822.jar -configuration c:\Users\akate\AppData\Roaming\Code\User\globalStorage\redhat.java\0.79.2\config_ss_win -data c:\Users\akate\AppData\Roaming\Code\User\workspaceStorage\0de352537d9aee39ac3b3ecf3f54bbdf\redhat.java\ss_ws

Host: Intel(R) Celeron(R) CPU 5205U @ 1.90GHz, 2 cores, 3G,  Windows 10 , 64 bit Build 19041 (10.0.19041.928)
Time: Mon Jun  7 02:43:16 2021 Greenwich Standard Time elapsed time: 1066.269596 seconds (0d 0h 17m 46s)

---------------  T H R E A D  ---------------

Current thread (0x0000029e2baeb800):  JavaThread "Worker-1: Refreshing workspace" [_thread_in_Java, id=14448, stack(0x000000bdacd00000,0x000000bdace00000)]

Stack: [0x000000bdacd00000,0x000000bdace00000]
[error occurred during error reporting (printing stack bounds), id 0xc0000005, EXCEPTION_ACCESS_VIOLATION (0xc0000005) at pc=0x00007fffc600f78a]

Native frames: (J=compiled Java code, j=interpreted, Vv=VM code, C=native code)
V  [jvm.dll+0x611a3a]
V  [jvm.dll+0x748aaf]
V  [jvm.dll+0x74a135]
V  [jvm.dll+0x74a715]
V  [jvm.dll+0x74a6cb]
V  [jvm.dll+0x611323]
V  [jvm.dll+0x6116e8]
C  [ntdll.dll+0xa217f]
C  [ntdll.dll+0x51454]
C  [ntdll.dll+0xa0cae]
V  [jvm.dll+0x67f78a]
C  0x0000029e18fa09bb

Java frames: (J=compiled Java code, j=interpreted, Vv=VM code)
v  blob 0x0000029e18fc7b28
J 3678 c2 org.eclipse.core.filesystem.provider.FileStore.childStores(ILorg/eclipse/core/runtime/IProgressMonitor;)[Lorg/eclipse/core/filesystem/IFileStore; (47 bytes) @ 0x0000029e20c21c5c [0x0000029e20c20fe0+0x0000000000000c7c]
J 4154 c2 org.eclipse.core.internal.localstore.UnifiedTree.getLocalList(Lorg/eclipse/core/internal/localstore/UnifiedTreeNode;)[Lorg/eclipse/core/filesystem/IFileInfo; (122 bytes) @ 0x0000029e20cb9b98 [0x0000029e20cb9ac0+0x00000000000000d8]
J 4178 c2 org.eclipse.core.internal.localstore.UnifiedTree.addChildren(Lorg/eclipse/core/internal/localstore/UnifiedTreeNode;)V (452 bytes) @ 0x0000029e20ce1c2c [0x0000029e20ce19a0+0x000000000000028c]
J 4155 c2 org.eclipse.core.internal.localstore.UnifiedTree.accept(Lorg/eclipse/core/internal/localstore/IUnifiedTreeVisitor;I)V (128 bytes) @ 0x0000029e20cbe2e0 [0x0000029e20cbd8a0+0x0000000000000a40]
J 4171 c2 org.eclipse.core.internal.localstore.FileSystemResourceManager.refresh(Lorg/eclipse/core/resources/IResource;IZLorg/eclipse/core/runtime/IProgressMonitor;)Z (88 bytes) @ 0x0000029e20cd4114 [0x0000029e20cd3800+0x0000000000000914]
J 4174 c2 org.eclipse.core.internal.resources.Resource.refreshLocal(ILorg/eclipse/core/runtime/IProgressMonitor;)V (266 bytes) @ 0x0000029e20cd88a0 [0x0000029e20cd7900+0x0000000000000fa0]
j  org.eclipse.core.internal.refresh.RefreshJob.runInWorkspace(Lorg/eclipse/core/runtime/IProgressMonitor;)Lorg/eclipse/core/runtime/IStatus;+96
j  org.eclipse.core.internal.resources.InternalWorkspaceJob.run(Lorg/eclipse/core/runtime/IProgressMonitor;)Lorg/eclipse/core/runtime/IStatus;+37
j  org.eclipse.core.internal.jobs.Worker.run()V+33
v  ~StubRoutines::call_stub

---------------  P R O C E S S  ---------------

Threads class SMR info:
_java_thread_list=0x0000029e2d04c3b0, length=20, elements={
0x0000029e10b17800, 0x0000029e2a8e4000, 0x0000029e2a8e5000, 0x0000029e2a952800,
0x0000029e2a955800, 0x0000029e2a956800, 0x0000029e2a99d000, 0x0000029e2b444800,
0x0000029e2b53c800, 0x0000029e2b5fe000, 0x0000029e2bd33000, 0x0000029e2c37b800,
0x0000029e2bbbb000, 0x0000029e2ba34800, 0x0000029e2b78b800, 0x0000029e2baeb800,
0x0000029e2ba8d000, 0x0000029e2ba87800, 0x0000029e2ba8c000, 0x0000029e2ba8b800
}

Java Threads: ( => current thread )
  0x0000029e10b17800 JavaThread "main" [_thread_blocked, id=4232, stack(0x000000bdab900000,0x000000bdaba00000)]
  0x0000029e2a8e4000 JavaThread "Reference Handler" daemon [_thread_blocked, id=15228, stack(0x000000bdabc00000,0x000000bdabd00000)]
  0x0000029e2a8e5000 JavaThread "Finalizer" daemon [_thread_blocked, id=14576, stack(0x000000bdabd00000,0x000000bdabe00000)]
  0x0000029e2a952800 JavaThread "Signal Dispatcher" daemon [_thread_blocked, id=10764, stack(0x000000bdabe00000,0x000000bdabf00000)]
  0x0000029e2a955800 JavaThread "Attach Listener" daemon [_thread_blocked, id=14236, stack(0x000000bdabf00000,0x000000bdac000000)]
  0x0000029e2a956800 JavaThread "C2 CompilerThread0" daemon [_thread_blocked, id=13164, stack(0x000000bdac000000,0x000000bdac100000)]
  0x0000029e2a99d000 JavaThread "C1 CompilerThread0" daemon [_thread_blocked, id=11724, stack(0x000000bdac100000,0x000000bdac200000)]
  0x0000029e2b444800 JavaThread "Sweeper thread" daemon [_thread_blocked, id=3780, stack(0x000000bdac200000,0x000000bdac300000)]
  0x0000029e2b53c800 JavaThread "Common-Cleaner" daemon [_thread_blocked, id=13536, stack(0x000000bdac300000,0x000000bdac400000)]
  0x0000029e2b5fe000 JavaThread "Service Thread" daemon [_thread_blocked, id=15256, stack(0x000000bdac400000,0x000000bdac500000)]
  0x0000029e2bd33000 JavaThread "Active Thread: Equinox Container: 678b4861-adcb-4281-a0f5-8e181a1cf9bb" [_thread_blocked, id=10152, stack(0x000000bdac600000,0x000000bdac700000)]
  0x0000029e2c37b800 JavaThread "Framework Event Dispatcher: Equinox Container: 678b4861-adcb-4281-a0f5-8e181a1cf9bb" daemon [_thread_blocked, id=9792, stack(0x000000bdac700000,0x000000bdac800000)]
  0x0000029e2bbbb000 JavaThread "Start Level: Equinox Container: 678b4861-adcb-4281-a0f5-8e181a1cf9bb" daemon [_thread_blocked, id=544, stack(0x000000bdac800000,0x000000bdac900000)]
  0x0000029e2ba34800 JavaThread "SCR Component Actor" daemon [_thread_blocked, id=13308, stack(0x000000bdac900000,0x000000bdaca00000)]
  0x0000029e2b78b800 JavaThread "Worker-JM" [_thread_blocked, id=14716, stack(0x000000bdacc00000,0x000000bdacd00000)]
=>0x0000029e2baeb800 JavaThread "Worker-1: Refreshing workspace" [_thread_in_Java, id=14448, stack(0x000000bdacd00000,0x000000bdace00000)]
  0x0000029e2ba8d000 JavaThread "Worker-3" [_thread_blocked, id=6896, stack(0x000000bdad000000,0x000000bdad100000)]
  0x0000029e2ba87800 JavaThread "pool-1-thread-1" [_thread_in_native, id=14780, stack(0x000000bdacf00000,0x000000bdad000000)]
  0x0000029e2ba8c000 JavaThread "Worker-4" [_thread_blocked, id=1656, stack(0x000000bdab700000,0x000000bdab800000)]
  0x0000029e2ba8b800 JavaThread "Worker-5" [_thread_blocked, id=13156, stack(0x000000bdab800000,0x000000bdab900000)]

Other Threads:
  0x0000029e2a85b800 VMThread "VM Thread" [stack: 0x000000bdabb00000,0x000000bdabc00000] [id=14084]
  0x0000029e2b5d5800 WatcherThread [stack: 0x000000bdac500000,0x000000bdac600000] [id=14560]
  0x0000029e10b2d800 GCTaskThread "ParGC Thread#0" [stack: 0x000000bdaba00000,0x000000bdabb00000] [id=14592]
  0x0000029e2ba35000 GCTaskThread "ParGC Thread#1" [stack: 0x000000bdaca00000,0x000000bdacb00000] [id=14856]

Threads with active compile tasks:

VM state:not at safepoint (normal execution)

VM Mutex/Monitor currently owned by a thread: None

Heap address: 0x00000000c0000000, size: 1024 MB, Compressed Oops mode: 32-bit
Narrow klass base: 0x0000000000000000, Narrow klass shift: 3
Compressed class space size: 1073741824 Address: 0x0000000100000000

Heap:
 PSYoungGen      total 80384K, used 62490K [0x00000000eab00000, 0x00000000fc000000, 0x0000000100000000)
  eden space 79360K, 77% used [0x00000000eab00000,0x00000000ee7296e0,0x00000000ef880000)
  from space 1024K, 86% used [0x00000000fbe80000,0x00000000fbf5d2a0,0x00000000fbf80000)
  to   space 512K, 0% used [0x00000000fbf80000,0x00000000fbf80000,0x00000000fc000000)
 ParOldGen       total 134144K, used 58449K [0x00000000c0000000, 0x00000000c8300000, 0x00000000eab00000)
  object space 134144K, 43% used [0x00000000c0000000,0x00000000c39145a8,0x00000000c8300000)
 Metaspace       used 33814K, capacity 35469K, committed 35756K, reserved 1081344K
  class space    used 3100K, capacity 3740K, committed 3840K, reserved 1048576K

Card table byte_map: [0x0000029e104e0000,0x0000029e106f0000] _byte_map_base: 0x0000029e0fee0000

Marking Bits: (ParMarkBitMap*) 0x00007fffc63cf440
 Begin Bits: [0x0000029e27fa0000, 0x0000029e28fa0000)
 End Bits:   [0x0000029e28fa0000, 0x0000029e29fa0000)

Polling page: 0x0000029e0eaa0000

Metaspace:

Usage:
  Non-class:     30.99 MB capacity,    29.99 MB ( 97%) used,   948.18 KB (  3%) free+waste,    66.63 KB ( <1%) overhead. 
      Class:      3.65 MB capacity,     3.03 MB ( 83%) used,   608.68 KB ( 16%) free+waste,    30.88 KB ( <1%) overhead. 
       Both:     34.64 MB capacity,    33.02 MB ( 95%) used,     1.52 MB (  4%) free+waste,    97.50 KB ( <1%) overhead. 

Virtual space:
  Non-class space:       32.00 MB reserved,      31.17 MB ( 97%) committed 
      Class space:        1.00 GB reserved,       3.75 MB ( <1%) committed 
             Both:        1.03 GB reserved,      34.92 MB (  3%) committed 

Chunk freelists:
   Non-Class:  7.38 KB
       Class:  512 bytes
        Both:  7.88 KB

CodeHeap 'non-profiled nmethods': size=120064Kb used=2583Kb max_used=2746Kb free=117480Kb
 bounds [0x0000029e20a60000, 0x0000029e20d10000, 0x0000029e27fa0000]
CodeHeap 'profiled nmethods': size=120000Kb used=7832Kb max_used=8111Kb free=112167Kb
 bounds [0x0000029e19530000, 0x0000029e19d30000, 0x0000029e20a60000]
CodeHeap 'non-nmethods': size=5696Kb used=1181Kb max_used=1228Kb free=4514Kb
 bounds [0x0000029e18fa0000, 0x0000029e19210000, 0x0000029e19530000]
 total_blobs=4271 nmethods=3734 adapters=451
 compilation: enabled
              stopped_count=0, restarted_count=0
 full_count=0

Compilation events (10 events):
Event: 1017.939 Thread 0x0000029e2a99d000 4573       3       org.eclipse.jdt.internal.core.CompilationUnit::isWorkingCopy (18 bytes)
Event: 1017.939 Thread 0x0000029e2a99d000 nmethod 4573 0x0000029e19b36890 code [0x0000029e19b36a60, 0x0000029e19b36e50]
Event: 1040.178 Thread 0x0000029e2a99d000 4576       3       org.eclipse.core.runtime.SubMonitor::split (7 bytes)
Event: 1040.182 Thread 0x0000029e2a99d000 nmethod 4576 0x0000029e19af4510 code [0x0000029e19af46c0, 0x0000029e19af4850]
Event: 1052.764 Thread 0x0000029e2a956800 4577       4       org.eclipse.core.internal.jobs.JobManager::validateRule (133 bytes)
Event: 1052.775 Thread 0x0000029e2a99d000 4578       3       org.eclipse.core.internal.dtree.DeltaDataTree::newEmptyDeltaTree (37 bytes)
Event: 1052.783 Thread 0x0000029e2a956800 nmethod 4577 0x0000029e20be8010 code [0x0000029e20be81c0, 0x0000029e20be8358]
Event: 1052.784 Thread 0x0000029e2a99d000 nmethod 4578 0x0000029e19b38f10 code [0x0000029e19b39140, 0x0000029e19b39a30]
Event: 1057.704 Thread 0x0000029e2a99d000 4579  s    3       org.eclipse.core.internal.jobs.WorkerPool::decrementBusyThreads (38 bytes)
Event: 1057.711 Thread 0x0000029e2a99d000 nmethod 4579 0x0000029e1963c290 code [0x0000029e1963c4e0, 0x0000029e1963cd00]

GC Heap History (10 events):
Event: 966.379 GC heap before
{Heap before GC invocations=100 (full 11):
 PSYoungGen      total 86016K, used 84151K [0x00000000eab00000, 0x00000000fc080000, 0x0000000100000000)
  eden space 84992K, 98% used [0x00000000eab00000,0x00000000efc65dd8,0x00000000efe00000)
  from space 1024K, 78% used [0x00000000fbf00000,0x00000000fbfc8000,0x00000000fc000000)
  to   space 512K, 0% used [0x00000000fc000000,0x00000000fc000000,0x00000000fc080000)
 ParOldGen       total 134144K, used 103546K [0x00000000c0000000, 0x00000000c8300000, 0x00000000eab00000)
  object space 134144K, 77% used [0x00000000c0000000,0x00000000c651e9d8,0x00000000c8300000)
 Metaspace       used 32566K, capacity 34221K, committed 34348K, reserved 1079296K
  class space    used 3008K, capacity 3644K, committed 3712K, reserved 1048576K
}
Event: 966.729 GC heap after
{Heap after GC invocations=100 (full 11):
 PSYoungGen      total 85504K, used 494K [0x00000000eab00000, 0x00000000fc080000, 0x0000000100000000)
  eden space 84992K, 0% used [0x00000000eab00000,0x00000000eab00000,0x00000000efe00000)
  from space 512K, 96% used [0x00000000fc000000,0x00000000fc07bac0,0x00000000fc080000)
  to   space 1536K, 0% used [0x00000000fbd80000,0x00000000fbd80000,0x00000000fbf00000)
 ParOldGen       total 134144K, used 104293K [0x00000000c0000000, 0x00000000c8300000, 0x00000000eab00000)
  object space 134144K, 77% used [0x00000000c0000000,0x00000000c65d9548,0x00000000c8300000)
 Metaspace       used 32566K, capacity 34221K, committed 34348K, reserved 1079296K
  class space    used 3008K, capacity 3644K, committed 3712K, reserved 1048576K
}
Event: 966.730 GC heap before
{Heap before GC invocations=101 (full 12):
 PSYoungGen      total 85504K, used 494K [0x00000000eab00000, 0x00000000fc080000, 0x0000000100000000)
  eden space 84992K, 0% used [0x00000000eab00000,0x00000000eab00000,0x00000000efe00000)
  from space 512K, 96% used [0x00000000fc000000,0x00000000fc07bac0,0x00000000fc080000)
  to   space 1536K, 0% used [0x00000000fbd80000,0x00000000fbd80000,0x00000000fbf00000)
 ParOldGen       total 134144K, used 104293K [0x00000000c0000000, 0x00000000c8300000, 0x00000000eab00000)
  object space 134144K, 77% used [0x00000000c0000000,0x00000000c65d9548,0x00000000c8300000)
 Metaspace       used 32566K, capacity 34221K, committed 34348K, reserved 1079296K
  class space    used 3008K, capacity 3644K, committed 3712K, reserved 1048576K
}
Event: 969.677 GC heap after
{Heap after GC invocations=101 (full 12):
 PSYoungGen      total 85504K, used 0K [0x00000000eab00000, 0x00000000fc080000, 0x0000000100000000)
  eden space 84992K, 0% used [0x00000000eab00000,0x00000000eab00000,0x00000000efe00000)
  from space 512K, 0% used [0x00000000fc000000,0x00000000fc000000,0x00000000fc080000)
  to   space 1536K, 0% used [0x00000000fbd80000,0x00000000fbd80000,0x00000000fbf00000)
 ParOldGen       total 134144K, used 58441K [0x00000000c0000000, 0x00000000c8300000, 0x00000000eab00000)
  object space 134144K, 43% used [0x00000000c0000000,0x00000000c39125a8,0x00000000c8300000)
 Metaspace       used 32566K, capacity 34221K, committed 34348K, reserved 1079296K
  class space    used 3008K, capacity 3644K, committed 3712K, reserved 1048576K
}
Event: 1000.708 GC heap before
{Heap before GC invocations=102 (full 12):
 PSYoungGen      total 85504K, used 84992K [0x00000000eab00000, 0x00000000fc080000, 0x0000000100000000)
  eden space 84992K, 100% used [0x00000000eab00000,0x00000000efe00000,0x00000000efe00000)
  from space 512K, 0% used [0x00000000fc000000,0x00000000fc000000,0x00000000fc080000)
  to   space 1536K, 0% used [0x00000000fbd80000,0x00000000fbd80000,0x00000000fbf00000)
 ParOldGen       total 134144K, used 58441K [0x00000000c0000000, 0x00000000c8300000, 0x00000000eab00000)
  object space 134144K, 43% used [0x00000000c0000000,0x00000000c39125a8,0x00000000c8300000)
 Metaspace       used 33729K, capacity 35405K, committed 35756K, reserved 1081344K
  class space    used 3100K, capacity 3740K, committed 3840K, reserved 1048576K
}
Event: 1001.568 GC heap after
{Heap after GC invocations=102 (full 12):
 PSYoungGen      total 84480K, used 709K [0x00000000eab00000, 0x00000000fc080000, 0x0000000100000000)
  eden space 82944K, 0% used [0x00000000eab00000,0x00000000eab00000,0x00000000efc00000)
  from space 1536K, 46% used [0x00000000fbd80000,0x00000000fbe314b8,0x00000000fbf00000)
  to   space 1024K, 0% used [0x00000000fbf80000,0x00000000fbf80000,0x00000000fc080000)
 ParOldGen       total 134144K, used 58441K [0x00000000c0000000, 0x00000000c8300000, 0x00000000eab00000)
  object space 134144K, 43% used [0x00000000c0000000,0x00000000c39125a8,0x00000000c8300000)
 Metaspace       used 33729K, capacity 35405K, committed 35756K, reserved 1081344K
  class space    used 3100K, capacity 3740K, committed 3840K, reserved 1048576K
}
Event: 1034.177 GC heap before
{Heap before GC invocations=103 (full 12):
 PSYoungGen      total 84480K, used 83653K [0x00000000eab00000, 0x00000000fc080000, 0x0000000100000000)
  eden space 82944K, 100% used [0x00000000eab00000,0x00000000efc00000,0x00000000efc00000)
  from space 1536K, 46% used [0x00000000fbd80000,0x00000000fbe314b8,0x00000000fbf00000)
  to   space 1024K, 0% used [0x00000000fbf80000,0x00000000fbf80000,0x00000000fc080000)
 ParOldGen       total 134144K, used 58441K [0x00000000c0000000, 0x00000000c8300000, 0x00000000eab00000)
  object space 134144K, 43% used [0x00000000c0000000,0x00000000c39125a8,0x00000000c8300000)
 Metaspace       used 33814K, capacity 35469K, committed 35756K, reserved 1081344K
  class space    used 3100K, capacity 3740K, committed 3840K, reserved 1048576K
}
Event: 1035.061 GC heap after
{Heap after GC invocations=103 (full 12):
 PSYoungGen      total 81920K, used 916K [0x00000000eab00000, 0x00000000fc080000, 0x0000000100000000)
  eden space 80896K, 0% used [0x00000000eab00000,0x00000000eab00000,0x00000000efa00000)
  from space 1024K, 89% used [0x00000000fbf80000,0x00000000fc0652a0,0x00000000fc080000)
  to   space 1024K, 0% used [0x00000000fbe80000,0x00000000fbe80000,0x00000000fbf80000)
 ParOldGen       total 134144K, used 58449K [0x00000000c0000000, 0x00000000c8300000, 0x00000000eab00000)
  object space 134144K, 43% used [0x00000000c0000000,0x00000000c39145a8,0x00000000c8300000)
 Metaspace       used 33814K, capacity 35469K, committed 35756K, reserved 1081344K
  class space    used 3100K, capacity 3740K, committed 3840K, reserved 1048576K
}
Event: 1051.197 GC heap before
{Heap before GC invocations=104 (full 12):
 PSYoungGen      total 81920K, used 81812K [0x00000000eab00000, 0x00000000fc080000, 0x0000000100000000)
  eden space 80896K, 100% used [0x00000000eab00000,0x00000000efa00000,0x00000000efa00000)
  from space 1024K, 89% used [0x00000000fbf80000,0x00000000fc0652a0,0x00000000fc080000)
  to   space 1024K, 0% used [0x00000000fbe80000,0x00000000fbe80000,0x00000000fbf80000)
 ParOldGen       total 134144K, used 58449K [0x00000000c0000000, 0x00000000c8300000, 0x00000000eab00000)
  object space 134144K, 43% used [0x00000000c0000000,0x00000000c39145a8,0x00000000c8300000)
 Metaspace       used 33814K, capacity 35469K, committed 35756K, reserved 1081344K
  class space    used 3100K, capacity 3740K, committed 3840K, reserved 1048576K
}
Event: 1051.223 GC heap after
{Heap after GC invocations=104 (full 12):
 PSYoungGen      total 80384K, used 884K [0x00000000eab00000, 0x00000000fc000000, 0x0000000100000000)
  eden space 79360K, 0% used [0x00000000eab00000,0x00000000eab00000,0x00000000ef880000)
  from space 1024K, 86% used [0x00000000fbe80000,0x00000000fbf5d2a0,0x00000000fbf80000)
  to   space 512K, 0% used [0x00000000fbf80000,0x00000000fbf80000,0x00000000fc000000)
 ParOldGen       total 134144K, used 58449K [0x00000000c0000000, 0x00000000c8300000, 0x00000000eab00000)
  object space 134144K, 43% used [0x00000000c0000000,0x00000000c39145a8,0x00000000c8300000)
 Metaspace       used 33814K, capacity 35469K, committed 35756K, reserved 1081344K
  class space    used 3100K, capacity 3740K, committed 3840K, reserved 1048576K
}

Deoptimization events (10 events):
Event: 954.843 Thread 0x0000029e2baeb800 Uncommon trap: reason=speculate_class_check action=maybe_recompile pc=0x0000029e20c739a0 method=org.eclipse.core.internal.dtree.AbstractDataTreeNode.assembleWith(Lorg/eclipse/core/internal/dtree/AbstractDataTreeNode;Lorg/eclipse/core/runtime/IPath;I)Lorg/
Event: 954.843 Thread 0x0000029e2baeb800 Uncommon trap: reason=speculate_class_check action=maybe_recompile pc=0x0000029e20c739a0 method=org.eclipse.core.internal.dtree.AbstractDataTreeNode.assembleWith(Lorg/eclipse/core/internal/dtree/AbstractDataTreeNode;Lorg/eclipse/core/runtime/IPath;I)Lorg/
Event: 954.843 Thread 0x0000029e2baeb800 Uncommon trap: reason=speculate_class_check action=maybe_recompile pc=0x0000029e20c739a0 method=org.eclipse.core.internal.dtree.AbstractDataTreeNode.assembleWith(Lorg/eclipse/core/internal/dtree/AbstractDataTreeNode;Lorg/eclipse/core/runtime/IPath;I)Lorg/
Event: 966.086 Thread 0x0000029e2baeb800 Uncommon trap: reason=speculate_null_assert action=make_not_entrant pc=0x0000029e20bfa680 method=org.eclipse.jdt.internal.core.DeltaProcessor.traverseDelta(Lorg/eclipse/core/resources/IResourceDelta;ILorg/eclipse/jdt/internal/core/DeltaProcessor$RootInfo;
Event: 966.097 Thread 0x0000029e2baeb800 Uncommon trap: reason=unstable_if action=reinterpret pc=0x0000029e20a94b74 method=org.eclipse.jdt.internal.core.DeltaProcessor.elementType(Lorg/eclipse/core/resources/IResource;IILorg/eclipse/jdt/internal/core/DeltaProcessor$RootInfo;)I @ 44 c2
Event: 969.856 Thread 0x0000029e2baeb800 Uncommon trap: reason=unstable_if action=reinterpret pc=0x0000029e20b7f6e4 method=java.util.Properties$LineReader.readLine()I @ 325 c2
Event: 970.575 Thread 0x0000029e2baeb800 Uncommon trap: reason=unstable_if action=reinterpret pc=0x0000029e20b24860 method=org.eclipse.core.runtime.Path.toOSString()Ljava/lang/String; @ 27 c2
Event: 970.612 Thread 0x0000029e2baeb800 Uncommon trap: reason=unstable_if action=reinterpret pc=0x0000029e20bbfca0 method=org.eclipse.jdt.internal.core.util.Util.equalArraysOrNull([Ljava/lang/Object;[Ljava/lang/Object;)Z @ 23 c2
Event: 1039.898 Thread 0x0000029e2baeb800 Uncommon trap: reason=unstable_if action=reinterpret pc=0x0000029e20c5468c method=org.eclipse.core.runtime.SubMonitor.newChild(II)Lorg/eclipse/core/runtime/SubMonitor; @ 141 c2
Event: 1066.242 Thread 0x0000029e2baeb800 Uncommon trap: reason=unstable_if action=reinterpret pc=0x0000029e20c21c5c method=org.eclipse.core.internal.filesystem.local.LocalFile.childNames(ILorg/eclipse/core/runtime/IProgressMonitor;)[Ljava/lang/String; @ 9 c2

Classes redefined (0 events):
No events

Internal exceptions (10 events):
Event: 252.623 Thread 0x0000029e2baeb800 Exception <a 'java/io/FileNotFoundException'{0x00000000f4baeec8}> (0x00000000f4baeec8) thrown at [./open/src/hotspot/share/prims/jni.cpp, line 611]
Event: 303.815 Thread 0x0000029e2baeb800 Implicit null exception at 0x0000029e20c5fe50 to 0x0000029e20c5fe96
Event: 303.933 Thread 0x0000029e2baeb800 Implicit null exception at 0x0000029e20c27450 to 0x0000029e20c28116
Event: 303.933 Thread 0x0000029e2baeb800 Implicit null exception at 0x0000029e20b911f4 to 0x0000029e20b93622
Event: 303.934 Thread 0x0000029e2baeb800 Implicit null exception at 0x0000029e20b6a4ae to 0x0000029e20b6a566
Event: 329.222 Thread 0x0000029e2ba8d000 Exception <a 'java/lang/NoSuchMethodError'{0x00000000f3315950}: java.lang.invoke.DirectMethodHandle$Holder.invokeSpecial(Ljava/lang/Object;Ljava/lang/Object;Ljava/lang/Object;Ljava/lang/Object;Ljava/lang/Object;Ljava/lang/Object;Ljava/lang/Object;Ljava/la
Event: 329.223 Thread 0x0000029e2ba8d000 Exception <a 'java/lang/NoSuchMethodError'{0x00000000f33195f8}: java.lang.invoke.Invokers$Holder.linkToTargetMethod(Ljava/lang/Object;Ljava/lang/Object;Ljava/lang/Object;Ljava/lang/Object;Ljava/lang/Object;Ljava/lang/Object;Ljava/lang/Object;Ljava/lang/Ob
Event: 970.574 Thread 0x0000029e2baeb800 Implicit null exception at 0x0000029e20b23dfb to 0x0000029e20b24846
Event: 970.597 Thread 0x0000029e2baeb800 Exception <a 'java/io/FileNotFoundException'{0x00000000eae605f8}> (0x00000000eae605f8) thrown at [./open/src/hotspot/share/prims/jni.cpp, line 611]
Event: 1066.242 Thread 0x0000029e2baeb800 Implicit null exception at 0x0000029e20c2113b to 0x0000029e20c21c46

Events (10 events):
Event: 1039.896 Thread 0x0000029e2baeb800 Uncommon trap: trap_request=0xffffff4d fr.pc=0x0000029e20c5468c relative=0x000000000000058c
Event: 1039.898 Thread 0x0000029e2baeb800 DEOPT PACKING pc=0x0000029e20c5468c sp=0x000000bdacdff4a0
Event: 1039.900 Thread 0x0000029e2baeb800 DEOPT UNPACKING pc=0x0000029e18fc7ba9 sp=0x000000bdacdff330 mode 2
Event: 1051.197 Executing VM operation: ParallelGCFailedAllocation
Event: 1051.223 Executing VM operation: ParallelGCFailedAllocation done
Event: 1052.781 Executing VM operation: HandshakeAllThreads
Event: 1052.782 Executing VM operation: HandshakeAllThreads done
Event: 1052.903 Thread 0x0000029e2b444800 flushing nmethod 0x0000029e1963c110
Event: 1066.242 Thread 0x0000029e2baeb800 Uncommon trap: trap_request=0xffffff4d fr.pc=0x0000029e20c21c5c relative=0x0000000000000c7c
Event: 1066.243 Thread 0x0000029e2baeb800 DEOPT PACKING pc=0x0000029e20c21c5c sp=0x000000bdacdff0c0


Dynamic libraries:
0x00007ff658c10000 - 0x00007ff658c1f000 	C:\Program Files\Java\jdk-11.0.9\bin\java.exe
0x00007ff8317d0000 - 0x00007ff8319c5000 	C:\Windows\SYSTEM32\ntdll.dll
0x00007ff8316d0000 - 0x00007ff83178d000 	C:\Windows\System32\KERNEL32.DLL
0x00007ff82f010000 - 0x00007ff82f2d8000 	C:\Windows\System32\KERNELBASE.dll
0x00007ff82ef10000 - 0x00007ff82f010000 	C:\Windows\System32\ucrtbase.dll
0x00007ff81f050000 - 0x00007ff81f068000 	C:\Program Files\Java\jdk-11.0.9\bin\jli.dll
0x00007ff830b20000 - 0x00007ff830bcc000 	C:\Windows\System32\ADVAPI32.dll
0x00007ff82fe80000 - 0x00007ff82ff1e000 	C:\Windows\System32\msvcrt.dll
0x00007ff82fa50000 - 0x00007ff82faeb000 	C:\Windows\System32\sechost.dll
0x00007ff8301b0000 - 0x00007ff8302db000 	C:\Windows\System32\RPCRT4.dll
0x00007ff82f8b0000 - 0x00007ff82fa50000 	C:\Windows\System32\USER32.dll
0x00007ff82f750000 - 0x00007ff82f772000 	C:\Windows\System32\win32u.dll
0x00007ff830370000 - 0x00007ff83039a000 	C:\Windows\System32\GDI32.dll
0x00007ff82f640000 - 0x00007ff82f74b000 	C:\Windows\System32\gdi32full.dll
0x00007ff82f5a0000 - 0x00007ff82f63d000 	C:\Windows\System32\msvcp_win.dll
0x00007ff81c4b0000 - 0x00007ff81c74a000 	C:\Windows\WinSxS\amd64_microsoft.windows.common-controls_6595b64144ccf1df_6.0.19041.844_none_ca00b6081b84eb1d\COMCTL32.dll
0x00007ff8262b0000 - 0x00007ff8262ba000 	C:\Windows\SYSTEM32\VERSION.dll
0x00007ff81f070000 - 0x00007ff81f085000 	C:\Program Files\Java\jdk-11.0.9\bin\VCRUNTIME140.dll
0x00007ff8303a0000 - 0x00007ff8303d0000 	C:\Windows\System32\IMM32.DLL
0x00007ffff5c90000 - 0x00007ffff5d2b000 	C:\Program Files\Java\jdk-11.0.9\bin\msvcp140.dll
0x00007fffc5990000 - 0x00007fffc6487000 	C:\Program Files\Java\jdk-11.0.9\bin\server\jvm.dll
0x00007ff830c60000 - 0x00007ff830c68000 	C:\Windows\System32\PSAPI.DLL
0x00007ff812b70000 - 0x00007ff812b79000 	C:\Windows\SYSTEM32\WSOCK32.dll
0x00007ff830bd0000 - 0x00007ff830c3b000 	C:\Windows\System32\WS2_32.dll
0x00007ff81cdd0000 - 0x00007ff81cdf7000 	C:\Windows\SYSTEM32\WINMM.dll
0x00007ff82ce20000 - 0x00007ff82ce32000 	C:\Windows\SYSTEM32\kernel.appcore.dll
0x00007ff81e440000 - 0x00007ff81e450000 	C:\Program Files\Java\jdk-11.0.9\bin\verify.dll
0x00007ff828720000 - 0x00007ff828904000 	C:\Windows\SYSTEM32\DBGHELP.DLL
0x00007ff815170000 - 0x00007ff81519c000 	C:\Windows\SYSTEM32\dbgcore.DLL
0x00007ff82f2e0000 - 0x00007ff82f360000 	C:\Windows\System32\bcryptPrimitives.dll
0x00007ffffcda0000 - 0x00007ffffcdc8000 	C:\Program Files\Java\jdk-11.0.9\bin\java.dll
0x00007ff80adf0000 - 0x00007ff80adfa000 	C:\Program Files\Java\jdk-11.0.9\bin\jimage.dll
0x00007ffffee70000 - 0x00007ffffee86000 	C:\Program Files\Java\jdk-11.0.9\bin\zip.dll
0x00007ff8303d0000 - 0x00007ff830b12000 	C:\Windows\System32\SHELL32.dll
0x00007ff82d020000 - 0x00007ff82d7b0000 	C:\Windows\SYSTEM32\windows.storage.dll
0x00007ff831310000 - 0x00007ff831665000 	C:\Windows\System32\combase.dll
0x00007ff82e8b0000 - 0x00007ff82e8dc000 	C:\Windows\SYSTEM32\Wldp.dll
0x00007ff82ffd0000 - 0x00007ff83007e000 	C:\Windows\System32\SHCORE.dll
0x00007ff82fb50000 - 0x00007ff82fba5000 	C:\Windows\System32\shlwapi.dll
0x00007ff82ee50000 - 0x00007ff82ee6f000 	C:\Windows\SYSTEM32\profapi.dll
0x00007ffffece0000 - 0x00007ffffecf9000 	C:\Program Files\Java\jdk-11.0.9\bin\net.dll
0x00007ff81c930000 - 0x00007ff81ca3b000 	C:\Windows\SYSTEM32\WINHTTP.dll
0x00007ff82e620000 - 0x00007ff82e68a000 	C:\Windows\system32\mswsock.dll
0x00007ffffc140000 - 0x00007ffffc152000 	C:\Program Files\Java\jdk-11.0.9\bin\nio.dll
0x00007ff82e800000 - 0x00007ff82e818000 	C:\Windows\SYSTEM32\CRYPTSP.dll
0x00007ff82dfa0000 - 0x00007ff82dfd4000 	C:\Windows\system32\rsaenh.dll
0x00007ff82f360000 - 0x00007ff82f387000 	C:\Windows\System32\bcrypt.dll
0x00007ff82ee10000 - 0x00007ff82ee3e000 	C:\Windows\SYSTEM32\USERENV.dll
0x00007ff82e7f0000 - 0x00007ff82e7fc000 	C:\Windows\SYSTEM32\CRYPTBASE.dll
0x00007ff82e310000 - 0x00007ff82e34b000 	C:\Windows\SYSTEM32\IPHLPAPI.DLL
0x00007ff831210000 - 0x00007ff831218000 	C:\Windows\System32\NSI.dll
0x00007ff81eb60000 - 0x00007ff81eb77000 	C:\Windows\SYSTEM32\dhcpcsvc6.DLL
0x00007ff81eb20000 - 0x00007ff81eb3d000 	C:\Windows\SYSTEM32\dhcpcsvc.DLL
0x00007ff82e350000 - 0x00007ff82e41c000 	C:\Windows\SYSTEM32\DNSAPI.dll
0x00007ff812bd0000 - 0x00007ff812bf9000 	C:\Users\akate\AppData\Roaming\Code\User\globalStorage\redhat.java\0.79.2\config_ss_win\org.eclipse.equinox.launcher\org.eclipse.equinox.launcher.win32.win32.x86_64_1.2.200.v20210406-1409\eclipse_11401.dll

dbghelp: loaded successfully - version: 4.0.5 - missing functions: none
symbol engine: initialized successfully - sym options: 0x614 - pdb path: .;C:\Program Files\Java\jdk-11.0.9\bin;C:\Windows\SYSTEM32;C:\Windows\WinSxS\amd64_microsoft.windows.common-controls_6595b64144ccf1df_6.0.19041.844_none_ca00b6081b84eb1d;C:\Program Files\Java\jdk-11.0.9\bin\server;C:\Users\akate\AppData\Roaming\Code\User\globalStorage\redhat.java\0.79.2\config_ss_win\org.eclipse.equinox.launcher\org.eclipse.equinox.launcher.win32.win32.x86_64_1.2.200.v20210406-1409

VM Arguments:
jvm_args: --add-modules=ALL-SYSTEM --add-opens=java.base/java.util=ALL-UNNAMED --add-opens=java.base/java.lang=ALL-UNNAMED -Declipse.application=org.eclipse.jdt.ls.core.id1 -Dosgi.bundles.defaultStartLevel=4 -Declipse.product=org.eclipse.jdt.ls.core.product -Dfile.encoding=utf8 -DwatchParentProcess=false -XX:+UseParallelGC -XX:GCTimeRatio=4 -XX:AdaptiveSizePolicyWeight=90 -Dsun.zip.disableMemoryMapping=true -Xmx1G -Xms100m -Xverify:none 
java_command: c:\Users\akate\.vscode\extensions\redhat.java-0.79.2\server\plugins\org.eclipse.equinox.launcher_1.6.100.v20201223-0822.jar -configuration c:\Users\akate\AppData\Roaming\Code\User\globalStorage\redhat.java\0.79.2\config_ss_win -data c:\Users\akate\AppData\Roaming\Code\User\workspaceStorage\0de352537d9aee39ac3b3ecf3f54bbdf\redhat.java\ss_ws
java_class_path (initial): c:\Users\akate\.vscode\extensions\redhat.java-0.79.2\server\plugins\org.eclipse.equinox.launcher_1.6.100.v20201223-0822.jar
Launcher Type: SUN_STANDARD

[Global flags]
    uintx AdaptiveSizePolicyWeight                 = 90                                        {product} {command line}
     bool BytecodeVerificationLocal                = false                                     {product} {command line}
     bool BytecodeVerificationRemote               = false                                     {product} {command line}
     intx CICompilerCount                          = 2                                         {product} {ergonomic}
    uintx GCTimeRatio                              = 4                                         {product} {command line}
   size_t InitialHeapSize                          = 104857600                                 {product} {command line}
   size_t MaxHeapSize                              = 1073741824                                {product} {command line}
   size_t MaxNewSize                               = 357564416                                 {product} {ergonomic}
   size_t MinHeapDeltaBytes                        = 524288                                    {product} {ergonomic}
   size_t NewSize                                  = 34603008                                  {product} {ergonomic}
    uintx NonNMethodCodeHeapSize                   = 5825164                                {pd product} {ergonomic}
    uintx NonProfiledCodeHeapSize                  = 122916538                              {pd product} {ergonomic}
   size_t OldSize                                  = 70254592                                  {product} {ergonomic}
    uintx ProfiledCodeHeapSize                     = 122916538                              {pd product} {ergonomic}
    uintx ReservedCodeCacheSize                    = 251658240                              {pd product} {ergonomic}
     bool SegmentedCodeCache                       = true                                      {product} {ergonomic}
     bool UseCompressedClassPointers               = true                                 {lp64_product} {ergonomic}
     bool UseCompressedOops                        = true                                 {lp64_product} {ergonomic}
     bool UseLargePagesIndividualAllocation        = false                                  {pd product} {ergonomic}
     bool UseParallelGC                            = true                                      {product} {command line}

Logging:
Log output configuration:
 #0: stdout all=warning uptime,level,tags
 #1: stderr all=off uptime,level,tags

Environment Variables:
JAVA_HOME=C:\Program Files\Java\jdk-11.0.9
PATH=C:\Program Files\Common Files\Oracle\Java\javapath;C:\Program Files (x86)\Common Files\Oracle\Java\javapath;C:\Windows\system32;C:\Windows;C:\Windows\System32\Wbem;C:\Windows\System32\WindowsPowerShell\v1.0\;C:\Windows\System32\OpenSSH\;C:\Program Files\nodejs\;C:\ProgramData\chocolatey\bin;C:\Program Files\Git\cmd;C:\Program Files (x86)\Yarn\bin\;C:\xampp\mysql\bin;;C:\Program Files\Docker\Docker\resources\bin;C:\ProgramData\DockerDesktop\version-bin;C:\Users\akate\AppData\Local\Programs\Python\Python39\Scripts\;C:\Users\akate\AppData\Local\Programs\Python\Python39\;C:\Users\akate\AppData\Local\Microsoft\WindowsApps;C:\Users\akate\AppData\Roaming\npm;C:\Program Files\JetBrains\IntelliJ IDEA 2020.3.1\bin;;C:\Users\akate\AppData\Local\Yarn\bin;C:\cmder\bin;C:\Users\akate\AppData\Local\Programs\Microsoft VS Code\bin;C:\Program Files\heroku\bin;C:\Program Files\apache-maven-3.8.1\bin;C:\Program Files\Docker\Docker\resources\bin;
USERNAME=Saou1
OS=Windows_NT
PROCESSOR_IDENTIFIER=Intel64 Family 6 Model 142 Stepping 12, GenuineIntel



---------------  S Y S T E M  ---------------

OS: Windows 10 , 64 bit Build 19041 (10.0.19041.928)
HyperV virtualization detected

CPU:total 2 (initial active 2) (2 cores per cpu, 1 threads per core) family 6 model 142 stepping 12, cmov, cx8, fxsr, mmx, sse, sse2, sse3, ssse3, sse4.1, sse4.2, popcnt, aes, clmul, erms, 3dnowpref, lzcnt, tsc, tscinvbit

Memory: 4k page, system-wide physical 3930M (233M free)
TotalPageFile size 16218M (AvailPageFile size 0M)
current process WorkingSet (physical memory assigned to process): 102M, peak: 532M
current process commit charge ("private bytes"): 537M, peak: 602M

vm_info: Java HotSpot(TM) 64-Bit Server VM (11.0.9+7-LTS) for windows-amd64 JRE (11.0.9+7-LTS), built on Sep 15 2020 16:47:03 by "mach5one" with MS VC++ 15.9 (VS2017)

END.
