#
# There is insufficient memory for the Java Runtime Environment to continue.
# Native memory allocation (mmap) failed to map 2147483648 bytes for committing reserved memory.
# Possible reasons:
#   The system is out of physical RAM or swap space
#   The process is running with CompressedOops enabled, and the Java Heap may be blocking the growth of the native heap
# Possible solutions:
#   Reduce memory load on the system
#   Increase physical memory or swap space
#   Check if swap backing store is full
#   Decrease Java heap size (-Xmx/-Xms)
#   Decrease number of Java threads
#   Decrease Java thread stack sizes (-Xss)
#   Set larger code cache with -XX:ReservedCodeCacheSize=
# This output file may be truncated or incomplete.
#
#  Out of Memory Error (os_linux.cpp:2985), pid=22417, tid=22418
#
# JRE version:  (11.0.11+9) (build )
# Java VM: OpenJDK 64-Bit Server VM (11.0.11+9-Ubuntu-0ubuntu2.18.04, mixed mode, sharing, tiered, compressed oops, g1 gc, linux-amd64)
# Core dump will be written. Default location: Core dumps may be processed with "/usr/share/apport/apport %p %s %c %d %P %E" (or dumping to /home/coundoul/Bureau/SIGEP/SIGEP/core.22417)
#

---------------  S U M M A R Y ------------

Command Line: -Xverify:none -Xms2048m -Xmx2048m -Xmn512m -Xss2m -Dpnguml.gen=true org.eclipse.xtext.ide.server.ServerLauncher

Host: Intel(R) Celeron(R) CPU 1000M @ 1.80GHz, 2 cores, 7G, Ubuntu 18.04.5 LTS
Time: Wed Dec  8 16:12:38 2021 GMT elapsed time: 0.010533 seconds (0d 0h 0m 0s)

---------------  T H R E A D  ---------------

Current thread (0x00007fbbd8016800):  JavaThread "Unknown thread" [_thread_in_vm, id=22418, stack(0x00007fbbdef50000,0x00007fbbdf151000)]

Stack: [0x00007fbbdef50000,0x00007fbbdf151000],  sp=0x00007fbbdf14f240,  free space=2044k
Native frames: (J=compiled Java code, A=aot compiled Java code, j=interpreted, Vv=VM code, C=native code)
V  [libjvm.so+0xe1c39a]
V  [libjvm.so+0xe1d04b]
V  [libjvm.so+0x649755]
V  [libjvm.so+0xb76a88]
V  [libjvm.so+0xb6cf2d]
V  [libjvm.so+0x76107f]
V  [libjvm.so+0x76142e]
V  [libjvm.so+0x76aac6]
V  [libjvm.so+0x7e31c4]
V  [libjvm.so+0x7e3dd0]
V  [libjvm.so+0x7e41e7]
V  [libjvm.so+0x71ed30]
V  [libjvm.so+0x71f431]
V  [libjvm.so+0xddf832]
V  [libjvm.so+0xddfaf6]
V  [libjvm.so+0x802fe7]
V  [libjvm.so+0xdb940a]
V  [libjvm.so+0x8a9661]  JNI_CreateJavaVM+0x51
C  [libjli.so+0x3a88]
C  [libjli.so+0x87ed]


---------------  P R O C E S S  ---------------

Threads class SMR info:
_java_thread_list=0x0000559c7cd46220, length=0, elements={
}

Java Threads: ( => current thread )

Other Threads:
  0x00007fbbd802e800 GCTaskThread "GC Thread#0" [stack: 0x00007fbbddbbe000,0x00007fbbddcbe000] [id=22419]
  0x00007fbbd8061000 ConcurrentGCThread "G1 Main Marker" [stack: 0x00007fbbdcc75000,0x00007fbbdcd75000] [id=22420]
  0x00007fbbd8063000 ConcurrentGCThread "G1 Conc#0" [stack: 0x00007fbbdcb73000,0x00007fbbdcc73000] [id=22421]

[error occurred during error reporting (printing all threads), id 0xb, SIGSEGV (0xb) at pc=0x00007fbbe01c8680]

VM state:not at safepoint (not fully initialized)

VM Mutex/Monitor currently owned by a thread:  ([mutex/lock_event])
[0x00007fbbd80133e0] Heap_lock - owner thread: 0x00007fbbd8016800

Heap address: 0x0000000080000000, size: 2048 MB, Compressed Oops mode: Non-zero based: 0x0000000080000000
Narrow klass base: 0x0000000000000000, Narrow klass shift: 0

GC Heap History (0 events):
No events

Deoptimization events (0 events):
No events

Classes redefined (0 events):
No events

Internal exceptions (0 events):
No events

Events (2 events):
Event: 0.005 Protecting memory [0x00007fbbdef50000,0x00007fbbdef54000] with protection modes 0
Event: 0.006 Loaded shared library /usr/lib/jvm/java-11-openjdk-amd64/lib/libzip.so


Dynamic libraries:
559c7ab5c000-559c7ab5d000 r-xp 00000000 08:01 17565498                   /usr/lib/jvm/java-11-openjdk-amd64/bin/java
559c7ad5d000-559c7ad5e000 r--p 00001000 08:01 17565498                   /usr/lib/jvm/java-11-openjdk-amd64/bin/java
559c7ad5e000-559c7ad5f000 rw-p 00002000 08:01 17565498                   /usr/lib/jvm/java-11-openjdk-amd64/bin/java
559c7cd2e000-559c7cd4f000 rw-p 00000000 00:00 0                          [heap]
7fbbae000000-7fbbb0000000 rw-p 00000000 00:00 0 
7fbbb0000000-7fbbb0021000 rw-p 00000000 00:00 0 
7fbbb0021000-7fbbb4000000 ---p 00000000 00:00 0 
7fbbb4000000-7fbbb4021000 rw-p 00000000 00:00 0 
7fbbb4021000-7fbbbc000000 ---p 00000000 00:00 0 
7fbbbc000000-7fbbbc021000 rw-p 00000000 00:00 0 
7fbbbc021000-7fbbc0000000 ---p 00000000 00:00 0 
7fbbc0878000-7fbbc0ae8000 rwxp 00000000 00:00 0 
7fbbc0ae8000-7fbbc0e07000 ---p 00000000 00:00 0 
7fbbc0e07000-7fbbc1077000 rwxp 00000000 00:00 0 
7fbbc1077000-7fbbc833f000 ---p 00000000 00:00 0 
7fbbc833f000-7fbbc85af000 rwxp 00000000 00:00 0 
7fbbc85af000-7fbbcf878000 ---p 00000000 00:00 0 
7fbbcf878000-7fbbd8000000 r--s 00000000 08:01 18221686                   /usr/lib/jvm/java-11-openjdk-amd64/lib/modules
7fbbd8000000-7fbbd8075000 rw-p 00000000 00:00 0 
7fbbd8075000-7fbbdc000000 ---p 00000000 00:00 0 
7fbbdc96f000-7fbbdcb71000 rw-p 00000000 00:00 0 
7fbbdcb71000-7fbbdcb72000 ---p 00000000 00:00 0 
7fbbdcb72000-7fbbdcc73000 rw-p 00000000 00:00 0 
7fbbdcc73000-7fbbdcc74000 ---p 00000000 00:00 0 
7fbbdcc74000-7fbbdcdba000 rw-p 00000000 00:00 0 
7fbbdcdba000-7fbbdd9ba000 ---p 00000000 00:00 0 
7fbbdd9ba000-7fbbddbbc000 rw-p 00000000 00:00 0 
7fbbddbbc000-7fbbddbbd000 ---p 00000000 00:00 0 
7fbbddbbd000-7fbbddcbe000 rw-p 00000000 00:00 0 
7fbbddcbe000-7fbbddcc5000 r-xp 00000000 08:01 18221685                   /usr/lib/jvm/java-11-openjdk-amd64/lib/libzip.so
7fbbddcc5000-7fbbddec4000 ---p 00007000 08:01 18221685                   /usr/lib/jvm/java-11-openjdk-amd64/lib/libzip.so
7fbbddec4000-7fbbddec5000 r--p 00006000 08:01 18221685                   /usr/lib/jvm/java-11-openjdk-amd64/lib/libzip.so
7fbbddec5000-7fbbddec6000 rw-p 00007000 08:01 18221685                   /usr/lib/jvm/java-11-openjdk-amd64/lib/libzip.so
7fbbddec6000-7fbbdded1000 r-xp 00000000 08:01 18350174                   /lib/x86_64-linux-gnu/libnss_files-2.27.so
7fbbdded1000-7fbbde0d0000 ---p 0000b000 08:01 18350174                   /lib/x86_64-linux-gnu/libnss_files-2.27.so
7fbbde0d0000-7fbbde0d1000 r--p 0000a000 08:01 18350174                   /lib/x86_64-linux-gnu/libnss_files-2.27.so
7fbbde0d1000-7fbbde0d2000 rw-p 0000b000 08:01 18350174                   /lib/x86_64-linux-gnu/libnss_files-2.27.so
7fbbde0d2000-7fbbde0d8000 rw-p 00000000 00:00 0 
7fbbde0d8000-7fbbde0ef000 r-xp 00000000 08:01 18350171                   /lib/x86_64-linux-gnu/libnsl-2.27.so
7fbbde0ef000-7fbbde2ee000 ---p 00017000 08:01 18350171                   /lib/x86_64-linux-gnu/libnsl-2.27.so
7fbbde2ee000-7fbbde2ef000 r--p 00016000 08:01 18350171                   /lib/x86_64-linux-gnu/libnsl-2.27.so
7fbbde2ef000-7fbbde2f0000 rw-p 00017000 08:01 18350171                   /lib/x86_64-linux-gnu/libnsl-2.27.so
7fbbde2f0000-7fbbde2f2000 rw-p 00000000 00:00 0 
7fbbde2f2000-7fbbde2fd000 r-xp 00000000 08:01 18350176                   /lib/x86_64-linux-gnu/libnss_nis-2.27.so
7fbbde2fd000-7fbbde4fc000 ---p 0000b000 08:01 18350176                   /lib/x86_64-linux-gnu/libnss_nis-2.27.so
7fbbde4fc000-7fbbde4fd000 r--p 0000a000 08:01 18350176                   /lib/x86_64-linux-gnu/libnss_nis-2.27.so
7fbbde4fd000-7fbbde4fe000 rw-p 0000b000 08:01 18350176                   /lib/x86_64-linux-gnu/libnss_nis-2.27.so
7fbbde4fe000-7fbbde506000 r-xp 00000000 08:01 18350172                   /lib/x86_64-linux-gnu/libnss_compat-2.27.so
7fbbde506000-7fbbde706000 ---p 00008000 08:01 18350172                   /lib/x86_64-linux-gnu/libnss_compat-2.27.so
7fbbde706000-7fbbde707000 r--p 00008000 08:01 18350172                   /lib/x86_64-linux-gnu/libnss_compat-2.27.so
7fbbde707000-7fbbde708000 rw-p 00009000 08:01 18350172                   /lib/x86_64-linux-gnu/libnss_compat-2.27.so
7fbbde708000-7fbbde70d000 r-xp 00000000 08:01 18221668                   /usr/lib/jvm/java-11-openjdk-amd64/lib/libjimage.so
7fbbde70d000-7fbbde90c000 ---p 00005000 08:01 18221668                   /usr/lib/jvm/java-11-openjdk-amd64/lib/libjimage.so
7fbbde90c000-7fbbde90d000 r--p 00004000 08:01 18221668                   /usr/lib/jvm/java-11-openjdk-amd64/lib/libjimage.so
7fbbde90d000-7fbbde90e000 rw-p 00005000 08:01 18221668                   /usr/lib/jvm/java-11-openjdk-amd64/lib/libjimage.so
7fbbde90e000-7fbbde936000 r-xp 00000000 08:01 18221665                   /usr/lib/jvm/java-11-openjdk-amd64/lib/libjava.so
7fbbde936000-7fbbdeb36000 ---p 00028000 08:01 18221665                   /usr/lib/jvm/java-11-openjdk-amd64/lib/libjava.so
7fbbdeb36000-7fbbdeb37000 r--p 00028000 08:01 18221665                   /usr/lib/jvm/java-11-openjdk-amd64/lib/libjava.so
7fbbdeb37000-7fbbdeb38000 rw-p 00029000 08:01 18221665                   /usr/lib/jvm/java-11-openjdk-amd64/lib/libjava.so
7fbbdeb38000-7fbbdeb39000 rw-p 00000000 00:00 0 
7fbbdeb39000-7fbbdeb46000 r-xp 00000000 08:01 18221684                   /usr/lib/jvm/java-11-openjdk-amd64/lib/libverify.so
7fbbdeb46000-7fbbded45000 ---p 0000d000 08:01 18221684                   /usr/lib/jvm/java-11-openjdk-amd64/lib/libverify.so
7fbbded45000-7fbbded47000 r--p 0000c000 08:01 18221684                   /usr/lib/jvm/java-11-openjdk-amd64/lib/libverify.so
7fbbded47000-7fbbded48000 rw-p 0000e000 08:01 18221684                   /usr/lib/jvm/java-11-openjdk-amd64/lib/libverify.so
7fbbded48000-7fbbded4f000 r-xp 00000000 08:01 18354785                   /lib/x86_64-linux-gnu/librt-2.27.so
7fbbded4f000-7fbbdef4e000 ---p 00007000 08:01 18354785                   /lib/x86_64-linux-gnu/librt-2.27.so
7fbbdef4e000-7fbbdef4f000 r--p 00006000 08:01 18354785                   /lib/x86_64-linux-gnu/librt-2.27.so
7fbbdef4f000-7fbbdef50000 rw-p 00007000 08:01 18354785                   /lib/x86_64-linux-gnu/librt-2.27.so
7fbbdef50000-7fbbdef54000 ---p 00000000 00:00 0 
7fbbdef54000-7fbbdf151000 rw-p 00000000 00:00 0 
7fbbdf151000-7fbbdf168000 r-xp 00000000 08:01 18350086                   /lib/x86_64-linux-gnu/libgcc_s.so.1
7fbbdf168000-7fbbdf367000 ---p 00017000 08:01 18350086                   /lib/x86_64-linux-gnu/libgcc_s.so.1
7fbbdf367000-7fbbdf368000 r--p 00016000 08:01 18350086                   /lib/x86_64-linux-gnu/libgcc_s.so.1
7fbbdf368000-7fbbdf369000 rw-p 00017000 08:01 18350086                   /lib/x86_64-linux-gnu/libgcc_s.so.1
7fbbdf369000-7fbbdf506000 r-xp 00000000 08:01 18350168                   /lib/x86_64-linux-gnu/libm-2.27.so
7fbbdf506000-7fbbdf705000 ---p 0019d000 08:01 18350168                   /lib/x86_64-linux-gnu/libm-2.27.so
7fbbdf705000-7fbbdf706000 r--p 0019c000 08:01 18350168                   /lib/x86_64-linux-gnu/libm-2.27.so
7fbbdf706000-7fbbdf707000 rw-p 0019d000 08:01 18350168                   /lib/x86_64-linux-gnu/libm-2.27.so
7fbbdf707000-7fbbdf880000 r-xp 00000000 08:01 17565856                   /usr/lib/x86_64-linux-gnu/libstdc++.so.6.0.25
7fbbdf880000-7fbbdfa80000 ---p 00179000 08:01 17565856                   /usr/lib/x86_64-linux-gnu/libstdc++.so.6.0.25
7fbbdfa80000-7fbbdfa8a000 r--p 00179000 08:01 17565856                   /usr/lib/x86_64-linux-gnu/libstdc++.so.6.0.25
7fbbdfa8a000-7fbbdfa8c000 rw-p 00183000 08:01 17565856                   /usr/lib/x86_64-linux-gnu/libstdc++.so.6.0.25
7fbbdfa8c000-7fbbdfa90000 rw-p 00000000 00:00 0 
7fbbdfa90000-7fbbe0b78000 r-xp 00000000 08:01 18221691                   /usr/lib/jvm/java-11-openjdk-amd64/lib/server/libjvm.so
7fbbe0b78000-7fbbe0d77000 ---p 010e8000 08:01 18221691                   /usr/lib/jvm/java-11-openjdk-amd64/lib/server/libjvm.so
7fbbe0d77000-7fbbe0e38000 r--p 010e7000 08:01 18221691                   /usr/lib/jvm/java-11-openjdk-amd64/lib/server/libjvm.so
7fbbe0e38000-7fbbe0e73000 rw-p 011a8000 08:01 18221691                   /usr/lib/jvm/java-11-openjdk-amd64/lib/server/libjvm.so
7fbbe0e73000-7fbbe0eca000 rw-p 00000000 00:00 0 
7fbbe0eca000-7fbbe0ee4000 r-xp 00000000 08:01 18354725                   /lib/x86_64-linux-gnu/libpthread-2.27.so
7fbbe0ee4000-7fbbe10e3000 ---p 0001a000 08:01 18354725                   /lib/x86_64-linux-gnu/libpthread-2.27.so
7fbbe10e3000-7fbbe10e4000 r--p 00019000 08:01 18354725                   /lib/x86_64-linux-gnu/libpthread-2.27.so
7fbbe10e4000-7fbbe10e5000 rw-p 0001a000 08:01 18354725                   /lib/x86_64-linux-gnu/libpthread-2.27.so
7fbbe10e5000-7fbbe10e9000 rw-p 00000000 00:00 0 
7fbbe10e9000-7fbbe10ec000 r-xp 00000000 08:01 18350167                   /lib/x86_64-linux-gnu/libdl-2.27.so
7fbbe10ec000-7fbbe12eb000 ---p 00003000 08:01 18350167                   /lib/x86_64-linux-gnu/libdl-2.27.so
7fbbe12eb000-7fbbe12ec000 r--p 00002000 08:01 18350167                   /lib/x86_64-linux-gnu/libdl-2.27.so
7fbbe12ec000-7fbbe12ed000 rw-p 00003000 08:01 18350167                   /lib/x86_64-linux-gnu/libdl-2.27.so
7fbbe12ed000-7fbbe1309000 r-xp 00000000 08:01 18354940                   /lib/x86_64-linux-gnu/libz.so.1.2.11
7fbbe1309000-7fbbe1508000 ---p 0001c000 08:01 18354940                   /lib/x86_64-linux-gnu/libz.so.1.2.11
7fbbe1508000-7fbbe1509000 r--p 0001b000 08:01 18354940                   /lib/x86_64-linux-gnu/libz.so.1.2.11
7fbbe1509000-7fbbe150a000 rw-p 0001c000 08:01 18354940                   /lib/x86_64-linux-gnu/libz.so.1.2.11
7fbbe150a000-7fbbe16f1000 r-xp 00000000 08:01 18350164                   /lib/x86_64-linux-gnu/libc-2.27.so
7fbbe16f1000-7fbbe18f1000 ---p 001e7000 08:01 18350164                   /lib/x86_64-linux-gnu/libc-2.27.so
7fbbe18f1000-7fbbe18f5000 r--p 001e7000 08:01 18350164                   /lib/x86_64-linux-gnu/libc-2.27.so
7fbbe18f5000-7fbbe18f7000 rw-p 001eb000 08:01 18350164                   /lib/x86_64-linux-gnu/libc-2.27.so
7fbbe18f7000-7fbbe18fb000 rw-p 00000000 00:00 0 
7fbbe18fb000-7fbbe190a000 r-xp 00000000 08:01 18221650                   /usr/lib/jvm/java-11-openjdk-amd64/lib/jli/libjli.so
7fbbe190a000-7fbbe1b09000 ---p 0000f000 08:01 18221650                   /usr/lib/jvm/java-11-openjdk-amd64/lib/jli/libjli.so
7fbbe1b09000-7fbbe1b0a000 r--p 0000e000 08:01 18221650                   /usr/lib/jvm/java-11-openjdk-amd64/lib/jli/libjli.so
7fbbe1b0a000-7fbbe1b0b000 rw-p 0000f000 08:01 18221650                   /usr/lib/jvm/java-11-openjdk-amd64/lib/jli/libjli.so
7fbbe1b0b000-7fbbe1b34000 r-xp 00000000 08:01 18350096                   /lib/x86_64-linux-gnu/ld-2.27.so
7fbbe1b3a000-7fbbe1b3f000 rw-p 00000000 00:00 0 
7fbbe1b3f000-7fbbe1c25000 ---p 00000000 00:00 0 
7fbbe1c25000-7fbbe1c2a000 rw-p 00000000 00:00 0 
7fbbe1c2a000-7fbbe1d10000 ---p 00000000 00:00 0 
7fbbe1d10000-7fbbe1d15000 rw-p 00000000 00:00 0 
7fbbe1d15000-7fbbe1d1c000 ---p 00000000 00:00 0 
7fbbe1d1c000-7fbbe1d1e000 rw-p 00000000 00:00 0 
7fbbe1d28000-7fbbe1d30000 rw-s 00000000 08:01 17172371                   /tmp/hsperfdata_coundoul/22417
7fbbe1d30000-7fbbe1d31000 ---p 00000000 00:00 0 
7fbbe1d31000-7fbbe1d32000 r--p 00000000 00:00 0 
7fbbe1d32000-7fbbe1d34000 rw-p 00000000 00:00 0 
7fbbe1d34000-7fbbe1d35000 r--p 00029000 08:01 18350096                   /lib/x86_64-linux-gnu/ld-2.27.so
7fbbe1d35000-7fbbe1d36000 rw-p 0002a000 08:01 18350096                   /lib/x86_64-linux-gnu/ld-2.27.so
7fbbe1d36000-7fbbe1d37000 rw-p 00000000 00:00 0 
7ffedcbbd000-7ffedcbde000 rw-p 00000000 00:00 0                          [stack]
7ffedcbf2000-7ffedcbf5000 r--p 00000000 00:00 0                          [vvar]
7ffedcbf5000-7ffedcbf7000 r-xp 00000000 00:00 0                          [vdso]
ffffffffff600000-ffffffffff601000 r-xp 00000000 00:00 0                  [vsyscall]


VM Arguments:
jvm_args: -Xverify:none -Xms2048m -Xmx2048m -Xmn512m -Xss2m -Dpnguml.gen=true 
java_command: org.eclipse.xtext.ide.server.ServerLauncher
java_class_path (initial): /home/coundoul/.vscode/extensions/jhipster-ide.jdl-2.4.0/lib/jdl.jar
Launcher Type: SUN_STANDARD

[Global flags]
     bool BytecodeVerificationLocal                = false                                     {product} {command line}
     bool BytecodeVerificationRemote               = false                                     {product} {command line}
     intx CICompilerCount                          = 2                                         {product} {ergonomic}
     uint ConcGCThreads                            = 1                                         {product} {ergonomic}
     uint G1ConcRefinementThreads                  = 2                                         {product} {ergonomic}
   size_t G1HeapRegionSize                         = 1048576                                   {product} {ergonomic}
    uintx GCDrainStackTargetSize                   = 64                                        {product} {ergonomic}
   size_t InitialHeapSize                          = 2147483648                                {product} {command line}
   size_t MarkStackSize                            = 4194304                                   {product} {ergonomic}
   size_t MaxHeapSize                              = 2147483648                                {product} {command line}
   size_t MaxNewSize                               = 536870912                                 {product} {command line}
   size_t MinHeapDeltaBytes                        = 1048576                                   {product} {ergonomic}
   size_t NewSize                                  = 536870912                                 {product} {command line}
    uintx NonNMethodCodeHeapSize                   = 5825164                                {pd product} {ergonomic}
    uintx NonProfiledCodeHeapSize                  = 122916538                              {pd product} {ergonomic}
    uintx ProfiledCodeHeapSize                     = 122916538                              {pd product} {ergonomic}
    uintx ReservedCodeCacheSize                    = 251658240                              {pd product} {ergonomic}
     bool SegmentedCodeCache                       = true                                      {product} {ergonomic}
     intx ThreadStackSize                          = 2048                                   {pd product} {command line}
     bool UseCompressedClassPointers               = true                                 {lp64_product} {ergonomic}
     bool UseCompressedOops                        = true                                 {lp64_product} {ergonomic}
     bool UseG1GC                                  = true                                      {product} {ergonomic}

Logging:
Log output configuration:
 #0: stdout all=warning uptime,level,tags
 #1: stderr all=off uptime,level,tags

Environment Variables:
PATH=/usr/local/sbin:/usr/local/bin:/usr/sbin:/usr/bin:/sbin:/bin:/usr/games:/usr/local/games:/snap/bin
USERNAME=coundoul
SHELL=/bin/bash
DISPLAY=:0
LANG=fr_FR.UTF-8

Signal Handlers:
SIGSEGV: [libjvm.so+0xe1d0a0], sa_mask[0]=11111111011111111101111111111110, sa_flags=SA_RESTART|SA_SIGINFO
SIGBUS: [libjvm.so+0xe1d0a0], sa_mask[0]=11111111011111111101111111111110, sa_flags=SA_RESTART|SA_SIGINFO
SIGFPE: [libjvm.so+0xe1d0a0], sa_mask[0]=11111111011111111101111111111110, sa_flags=SA_RESTART|SA_SIGINFO
SIGPIPE: [libjvm.so+0xb717f0], sa_mask[0]=11111111011111111101111111111110, sa_flags=SA_RESTART|SA_SIGINFO
SIGXFSZ: [libjvm.so+0xb717f0], sa_mask[0]=11111111011111111101111111111110, sa_flags=SA_RESTART|SA_SIGINFO
SIGILL: [libjvm.so+0xe1d0a0], sa_mask[0]=11111111011111111101111111111110, sa_flags=SA_RESTART|SA_SIGINFO
SIGUSR2: [libjvm.so+0xb71680], sa_mask[0]=00000000000000000000000000000000, sa_flags=SA_RESTART|SA_SIGINFO
SIGHUP: SIG_DFL, sa_mask[0]=00000000000000000000000000000000, sa_flags=none
SIGINT: SIG_DFL, sa_mask[0]=00000000000000000000000000000000, sa_flags=none
SIGTERM: SIG_DFL, sa_mask[0]=00000000000000000000000000000000, sa_flags=none
SIGQUIT: SIG_DFL, sa_mask[0]=00000000000000000000000000000000, sa_flags=none


---------------  S Y S T E M  ---------------

OS:DISTRIB_ID=Ubuntu
DISTRIB_RELEASE=18.04
DISTRIB_CODENAME=bionic
DISTRIB_DESCRIPTION="Ubuntu 18.04.5 LTS"
uname:Linux 4.15.0-147-generic #151-Ubuntu SMP Fri Jun 18 19:21:19 UTC 2021 x86_64
OS uptime: 0 days 7:05 hours
libc:glibc 2.27 NPTL 2.27 
rlimit (soft/hard): STACK 8192k/infinity , CORE 0k/infinity , NPROC 31254/31254 , NOFILE 1048576/1048576 , AS infinity/infinity , CPU infinity/infinity , DATA infinity/infinity , FSIZE infinity/infinity , MEMLOCK 65536k/65536k
load average:2.95 1.90 1.47

/proc/meminfo:
MemTotal:        8048320 kB
MemFree:          502924 kB
MemAvailable:    1059364 kB
Buffers:           49996 kB
Cached:          1129660 kB
SwapCached:        20612 kB
Active:          5578196 kB
Inactive:        1495020 kB
Active(anon):    5249316 kB
Inactive(anon):  1111032 kB
Active(file):     328880 kB
Inactive(file):   383988 kB
Unevictable:          88 kB
Mlocked:              88 kB
SwapTotal:       2097148 kB
SwapFree:          63000 kB
Dirty:               696 kB
Writeback:             0 kB
AnonPages:       5876196 kB
Mapped:           575168 kB
Shmem:            466872 kB
Slab:             244704 kB
SReclaimable:     130916 kB
SUnreclaim:       113788 kB
KernelStack:       26396 kB
PageTables:       113492 kB
NFS_Unstable:          0 kB
Bounce:                0 kB
WritebackTmp:          0 kB
CommitLimit:     6121308 kB
Committed_AS:   21286596 kB
VmallocTotal:   34359738367 kB
VmallocUsed:           0 kB
VmallocChunk:          0 kB
HardwareCorrupted:     0 kB
AnonHugePages:         0 kB
ShmemHugePages:        0 kB
ShmemPmdMapped:        0 kB
CmaTotal:              0 kB
CmaFree:               0 kB
HugePages_Total:       0
HugePages_Free:        0
HugePages_Rsvd:        0
HugePages_Surp:        0
Hugepagesize:       2048 kB
DirectMap4k:      376516 kB
DirectMap2M:     7892992 kB

/sys/kernel/mm/transparent_hugepage/enabled:
always [madvise] never
/sys/kernel/mm/transparent_hugepage/defrag (defrag/compaction efforts parameter):
always defer defer+madvise [madvise] never

Process Memory:
Virtual Size: 831016K (peak: 2928168K)
Resident Set Size: 14816K (peak: 14816K) (anon: 1912K, file: 12904K, shmem: 0K)
Swapped out: 0K
C-Heap outstanding allocations: 576K

/proc/sys/kernel/threads-max (system-wide limit on the number of threads):
62508
/proc/sys/vm/max_map_count (maximum number of memory map areas a process may have):
65530
/proc/sys/kernel/pid_max (system-wide limit on number of process identifiers):
32768

container (cgroup) information:
container_type: cgroupv1
cpu_cpuset_cpus: 0-1
cpu_memory_nodes: 0
active_processor_count: 2
cpu_quota: -1
cpu_period: 100000
cpu_shares: -1
memory_limit_in_bytes: -1
memory_and_swap_limit_in_bytes: -2
memory_soft_limit_in_bytes: -1
memory_usage_in_bytes: 6726000640
memory_max_usage_in_bytes: 7404564480

Steal ticks since vm start: 0
Steal ticks percentage since vm start:  0.000

CPU:total 2 (initial active 2) (2 cores per cpu, 1 threads per core) family 6 model 58 stepping 9 microcode 0x21, cmov, cx8, fxsr, mmx, sse, sse2, sse3, ssse3, sse4.1, sse4.2, popcnt, clmul, erms, tsc, tscinvbit, tscinv
CPU Model and flags from /proc/cpuinfo:
model name	: Intel(R) Celeron(R) CPU 1000M @ 1.80GHz
flags		: fpu vme de pse tsc msr pae mce cx8 apic sep mtrr pge mca cmov pat pse36 clflush dts acpi mmx fxsr sse sse2 ss ht tm pbe syscall nx rdtscp lm constant_tsc arch_perfmon pebs bts rep_good nopl xtopology nonstop_tsc cpuid aperfmperf pni pclmulqdq dtes64 monitor ds_cpl vmx est tm2 ssse3 cx16 xtpr pdcm pcid sse4_1 sse4_2 x2apic popcnt tsc_deadline_timer xsave lahf_lm cpuid_fault epb pti ssbd ibrs ibpb stibp tpr_shadow vnmi flexpriority ept vpid fsgsbase smep erms xsaveopt dtherm arat pln pts md_clear flush_l1d
Online cpus:
0-1
Offline cpus:
2-7
BIOS frequency limitation:
<Not Available>
Frequency switch latency (ns):
0
Available cpu frequencies:
<Not Available>
Current governor:
powersave
Core performance/turbo boost:
<Not Available>

Memory: 4k page, physical 8048320k(502924k free), swap 2097148k(63000k free)

vm_info: OpenJDK 64-Bit Server VM (11.0.11+9-Ubuntu-0ubuntu2.18.04) for linux-amd64 JRE (11.0.11+9-Ubuntu-0ubuntu2.18.04), built on Apr 21 2021 09:15:32 by "unknown" with gcc 8.4.0

END.
