#
# There is insufficient memory for the Java Runtime Environment to continue.
# Native memory allocation (malloc) failed to allocate 231376 bytes for Chunk::new
# Possible reasons:
#   The system is out of physical RAM or swap space
#   The process is running with CompressedOops enabled, and the Java Heap may be blocking the growth of the native heap
# Possible solutions:
#   Reduce memory load on the system
#   Increase physical memory or swap space
#   Check if swap backing store is full
#   Decrease Java heap size (-Xmx/-Xms)
#   Decrease number of Java threads
#   Decrease Java thread stack sizes (-Xss)
#   Set larger code cache with -XX:ReservedCodeCacheSize=
#   JVM is running with Unscaled Compressed Oops mode in which the Java heap is
#     placed in the first 4GB address space. The Java Heap base address is the
#     maximum limit for the native heap growth. Please use -XX:HeapBaseMinAddress
#     to set the Java Heap base and to place the Java Heap above 4GB virtual address.
# This output file may be truncated or incomplete.
#
#  Out of Memory Error (./open/src/hotspot/share/memory/arena.cpp:197), pid=14748, tid=15084
#
# JRE version: Java(TM) SE Runtime Environment 18.9 (11.0.9+7) (build 11.0.9+7-LTS)
# Java VM: Java HotSpot(TM) 64-Bit Server VM 18.9 (11.0.9+7-LTS, mixed mode, tiered, compressed oops, parallel gc, windows-amd64)
# No core dump will be written. Minidumps are not enabled by default on client versions of Windows
#

---------------  S U M M A R Y ------------

Command Line: --add-modules=ALL-SYSTEM --add-opens=java.base/java.util=ALL-UNNAMED --add-opens=java.base/java.lang=ALL-UNNAMED -Declipse.application=org.eclipse.jdt.ls.core.id1 -Dosgi.bundles.defaultStartLevel=4 -Declipse.product=org.eclipse.jdt.ls.core.product -Dfile.encoding=utf8 -DwatchParentProcess=false -XX:+UseParallelGC -XX:GCTimeRatio=4 -XX:AdaptiveSizePolicyWeight=90 -Dsun.zip.disableMemoryMapping=true -Xmx1G -Xms100m -Xverify:none c:\Users\akate\.vscode\extensions\redhat.java-0.79.2\server\plugins\org.eclipse.equinox.launcher_1.6.100.v20201223-0822.jar -configuration c:\Users\akate\AppData\Roaming\Code\User\globalStorage\redhat.java\0.79.2\config_ss_win -data c:\Users\akate\AppData\Roaming\Code\User\workspaceStorage\0de352537d9aee39ac3b3ecf3f54bbdf\redhat.java\ss_ws

Host: Intel(R) Celeron(R) CPU 5205U @ 1.90GHz, 2 cores, 3G,  Windows 10 , 64 bit Build 19041 (10.0.19041.928)
Time: Mon Jun  7 02:24:57 2021 Greenwich Standard Time elapsed time: 455.051880 seconds (0d 0h 7m 35s)

---------------  T H R E A D  ---------------

Current thread (0x0000014af47b7800):  JavaThread "C2 CompilerThread0" daemon [_thread_in_native, id=15084, stack(0x00000011d4b00000,0x00000011d4c00000)]


Current CompileTask:
C2: 455052 4302   !   4       org.eclipse.core.internal.jobs.JobManager::findBlockingJob (179 bytes)

Stack: [0x00000011d4b00000,0x00000011d4c00000]
Native frames: (J=compiled Java code, j=interpreted, Vv=VM code, C=native code)
V  [jvm.dll+0x611a3a]
V  [jvm.dll+0x748aaf]
V  [jvm.dll+0x74a135]
V  [jvm.dll+0x74a7b3]
V  [jvm.dll+0x2439f8]
V  [jvm.dll+0xba2bc]
V  [jvm.dll+0xba9bc]
V  [jvm.dll+0x3454a2]
V  [jvm.dll+0x313343]
V  [jvm.dll+0x31268a]
V  [jvm.dll+0x1fd495]
V  [jvm.dll+0x1fc64f]
V  [jvm.dll+0x17f08c]
V  [jvm.dll+0x20bc54]
V  [jvm.dll+0x209d2b]
V  [jvm.dll+0x7103d9]
V  [jvm.dll+0x709114]
V  [jvm.dll+0x610cb6]
C  [ucrtbase.dll+0x21bb2]
C  [KERNEL32.DLL+0x17034]
C  [ntdll.dll+0x52651]


---------------  P R O C E S S  ---------------

Threads class SMR info:
_java_thread_list=0x0000014af6453aa0, length=21, elements={
0x0000014ae9226800, 0x0000014af4744000, 0x0000014af4745000, 0x0000014af47b3800,
0x0000014af47b6800, 0x0000014af47b7800, 0x0000014af47b9000, 0x0000014af52c0800,
0x0000014af53be000, 0x0000014af54eb000, 0x0000014af655b800, 0x0000014af5e48000,
0x0000014af6317000, 0x0000014af55f4800, 0x0000014af6284800, 0x0000014af55b1000,
0x0000014af5de9800, 0x0000014af6354800, 0x0000014af6353800, 0x0000014af634e800,
0x0000014af6350800
}

Java Threads: ( => current thread )
  0x0000014ae9226800 JavaThread "main" [_thread_blocked, id=14872, stack(0x00000011d4300000,0x00000011d4400000)]
  0x0000014af4744000 JavaThread "Reference Handler" daemon [_thread_blocked, id=14732, stack(0x00000011d4700000,0x00000011d4800000)]
  0x0000014af4745000 JavaThread "Finalizer" daemon [_thread_blocked, id=15052, stack(0x00000011d4800000,0x00000011d4900000)]
  0x0000014af47b3800 JavaThread "Signal Dispatcher" daemon [_thread_blocked, id=10904, stack(0x00000011d4900000,0x00000011d4a00000)]
  0x0000014af47b6800 JavaThread "Attach Listener" daemon [_thread_blocked, id=15180, stack(0x00000011d4a00000,0x00000011d4b00000)]
=>0x0000014af47b7800 JavaThread "C2 CompilerThread0" daemon [_thread_in_native, id=15084, stack(0x00000011d4b00000,0x00000011d4c00000)]
  0x0000014af47b9000 JavaThread "C1 CompilerThread0" daemon [_thread_blocked, id=14668, stack(0x00000011d4c00000,0x00000011d4d00000)]
  0x0000014af52c0800 JavaThread "Sweeper thread" daemon [_thread_blocked, id=8356, stack(0x00000011d4d00000,0x00000011d4e00000)]
  0x0000014af53be000 JavaThread "Common-Cleaner" daemon [_thread_blocked, id=9768, stack(0x00000011d4e00000,0x00000011d4f00000)]
  0x0000014af54eb000 JavaThread "Service Thread" daemon [_thread_blocked, id=3936, stack(0x00000011d4f00000,0x00000011d5000000)]
  0x0000014af655b800 JavaThread "Active Thread: Equinox Container: 4f75fbad-8a59-4c7c-a7c1-27709b174b27" [_thread_blocked, id=13336, stack(0x00000011d5100000,0x00000011d5200000)]
  0x0000014af5e48000 JavaThread "Framework Event Dispatcher: Equinox Container: 4f75fbad-8a59-4c7c-a7c1-27709b174b27" daemon [_thread_blocked, id=13832, stack(0x00000011d5200000,0x00000011d5300000)]
  0x0000014af6317000 JavaThread "Start Level: Equinox Container: 4f75fbad-8a59-4c7c-a7c1-27709b174b27" daemon [_thread_blocked, id=12936, stack(0x00000011d5300000,0x00000011d5400000)]
  0x0000014af55f4800 JavaThread "SCR Component Actor" daemon [_thread_blocked, id=14392, stack(0x00000011d5400000,0x00000011d5500000)]
  0x0000014af6284800 JavaThread "Worker-JM" [_thread_blocked, id=12364, stack(0x00000011d5700000,0x00000011d5800000)]
  0x0000014af55b1000 JavaThread "Worker-0: Refreshing workspace" [_thread_in_native, id=13816, stack(0x00000011d4200000,0x00000011d4300000)]
  0x0000014af5de9800 JavaThread "Worker-1" [_thread_blocked, id=9996, stack(0x00000011d4400000,0x00000011d4500000)]
  0x0000014af6354800 JavaThread "Worker-3" [_thread_blocked, id=3328, stack(0x00000011d5b00000,0x00000011d5c00000)]
  0x0000014af6353800 JavaThread "pool-1-thread-1" [_thread_in_native, id=6896, stack(0x00000011d5a00000,0x00000011d5b00000)]
  0x0000014af634e800 JavaThread "Worker-4" [_thread_blocked, id=15080, stack(0x00000011d5c00000,0x00000011d5d00000)]
  0x0000014af6350800 JavaThread "Worker-5" [_thread_blocked, id=11220, stack(0x00000011d5600000,0x00000011d5700000)]

Other Threads:
  0x0000014af46bb000 VMThread "VM Thread" [stack: 0x00000011d4600000,0x00000011d4700000] [id=7472]
  0x0000014af54fb000 WatcherThread [stack: 0x00000011d5000000,0x00000011d5100000] [id=14448]
  0x0000014ae923e000 GCTaskThread "ParGC Thread#0" [stack: 0x00000011d4500000,0x00000011d4600000] [id=2328]
  0x0000014af5f87000 GCTaskThread "ParGC Thread#1" [stack: 0x00000011d5500000,0x00000011d5600000] [id=14840]

Threads with active compile tasks:
C2 CompilerThread0 455101 4302   !   4       org.eclipse.core.internal.jobs.JobManager::findBlockingJob (179 bytes)

VM state:not at safepoint (normal execution)

VM Mutex/Monitor currently owned by a thread: None

Heap address: 0x00000000c0000000, size: 1024 MB, Compressed Oops mode: 32-bit
Narrow klass base: 0x0000000000000000, Narrow klass shift: 3
Compressed class space size: 1073741824 Address: 0x0000000100000000

Heap:
 PSYoungGen      total 263168K, used 75324K [0x00000000eab00000, 0x00000000ff800000, 0x0000000100000000)
  eden space 260096K, 27% used [0x00000000eab00000,0x00000000ef1ad2e0,0x00000000fa900000)
  from space 3072K, 96% used [0x00000000ff380000,0x00000000ff661e68,0x00000000ff680000)
  to   space 1536K, 0% used [0x00000000ff680000,0x00000000ff680000,0x00000000ff800000)
 ParOldGen       total 123392K, used 84581K [0x00000000c0000000, 0x00000000c7880000, 0x00000000eab00000)
  object space 123392K, 68% used [0x00000000c0000000,0x00000000c5299490,0x00000000c7880000)
 Metaspace       used 32296K, capacity 34039K, committed 34176K, reserved 1079296K
  class space    used 3008K, capacity 3649K, committed 3712K, reserved 1048576K

Card table byte_map: [0x0000014af1890000,0x0000014af1aa0000] _byte_map_base: 0x0000014af1290000

Marking Bits: (ParMarkBitMap*) 0x00007fffc63cf440
 Begin Bits: [0x0000014af1c00000, 0x0000014af2c00000)
 End Bits:   [0x0000014af2c00000, 0x0000014af3c00000)

Polling page: 0x0000014ae7970000

Metaspace:

Usage:
  Non-class:     29.68 MB capacity,    28.60 MB ( 96%) used,     1.01 MB (  3%) free+waste,    65.63 KB ( <1%) overhead. 
      Class:      3.56 MB capacity,     2.94 MB ( 82%) used,   609.27 KB ( 17%) free+waste,    31.00 KB ( <1%) overhead. 
       Both:     33.24 MB capacity,    31.54 MB ( 95%) used,     1.61 MB (  5%) free+waste,    96.63 KB ( <1%) overhead. 

Virtual space:
  Non-class space:       30.00 MB reserved,      29.75 MB (>99%) committed 
      Class space:        1.00 GB reserved,       3.63 MB ( <1%) committed 
             Both:        1.03 GB reserved,      33.38 MB (  3%) committed 

Chunk freelists:
   Non-Class:  1.25 KB
       Class:  0 bytes
        Both:  1.25 KB

CodeHeap 'non-profiled nmethods': size=120064Kb used=2330Kb max_used=2330Kb free=117733Kb
 bounds [0x0000014a87ac0000, 0x0000014a87d30000, 0x0000014a8f000000]
CodeHeap 'profiled nmethods': size=120000Kb used=7913Kb max_used=7953Kb free=112087Kb
 bounds [0x0000014a80590000, 0x0000014a80d60000, 0x0000014a87ac0000]
CodeHeap 'non-nmethods': size=5696Kb used=1176Kb max_used=1227Kb free=4519Kb
 bounds [0x0000014a80000000, 0x0000014a80270000, 0x0000014a80590000]
 total_blobs=4199 nmethods=3672 adapters=441
 compilation: enabled
              stopped_count=0, restarted_count=0
 full_count=0

Compilation events (10 events):
Event: 451.219 Thread 0x0000014af47b7800 nmethod 4297 0x0000014a87d05d90 code [0x0000014a87d05f40, 0x0000014a87d06378]
Event: 454.923 Thread 0x0000014af47b7800 4298       4       org.eclipse.core.internal.jobs.InternalJob::isConflicting (52 bytes)
Event: 454.927 Thread 0x0000014af47b7800 nmethod 4298 0x0000014a87d06610 code [0x0000014a87d067c0, 0x0000014a87d06938]
Event: 454.943 Thread 0x0000014af47b9000 4299       3       java.io.File::equals (30 bytes)
Event: 454.945 Thread 0x0000014af47b9000 nmethod 4299 0x0000014a80d0b290 code [0x0000014a80d0b480, 0x0000014a80d0baf0]
Event: 454.946 Thread 0x0000014af47b9000 4300       3       java.io.File::compareTo (9 bytes)
Event: 454.946 Thread 0x0000014af47b9000 nmethod 4300 0x0000014a80c44a10 code [0x0000014a80c44be0, 0x0000014a80c44f30]
Event: 454.990 Thread 0x0000014af47b9000 4301       3       java.io.File::<init> (20 bytes)
Event: 454.991 Thread 0x0000014af47b9000 nmethod 4301 0x0000014a80bd2c90 code [0x0000014a80bd2e40, 0x0000014a80bd3038]
Event: 455.015 Thread 0x0000014af47b7800 4302   !   4       org.eclipse.core.internal.jobs.JobManager::findBlockingJob (179 bytes)

GC Heap History (10 events):
Event: 87.687 GC heap before
{Heap before GC invocations=61 (full 11):
 PSYoungGen      total 348672K, used 348160K [0x00000000eab00000, 0x0000000100000000, 0x0000000100000000)
  eden space 348160K, 100% used [0x00000000eab00000,0x00000000fff00000,0x00000000fff00000)
  from space 512K, 0% used [0x00000000fff80000,0x00000000fff80000,0x0000000100000000)
  to   space 512K, 0% used [0x00000000fff00000,0x00000000fff00000,0x00000000fff80000)
 ParOldGen       total 123392K, used 21679K [0x00000000c0000000, 0x00000000c7880000, 0x00000000eab00000)
  object space 123392K, 17% used [0x00000000c0000000,0x00000000c152be40,0x00000000c7880000)
 Metaspace       used 27794K, capacity 29332K, committed 29568K, reserved 1075200K
  class space    used 2611K, capacity 3174K, committed 3200K, reserved 1048576K
}
Event: 88.286 GC heap after
{Heap after GC invocations=61 (full 11):
 PSYoungGen      total 348672K, used 512K [0x00000000eab00000, 0x0000000100000000, 0x0000000100000000)
  eden space 348160K, 0% used [0x00000000eab00000,0x00000000eab00000,0x00000000fff00000)
  from space 512K, 100% used [0x00000000fff00000,0x00000000fff80000,0x00000000fff80000)
  to   space 512K, 0% used [0x00000000fff80000,0x00000000fff80000,0x0000000100000000)
 ParOldGen       total 123392K, used 68101K [0x00000000c0000000, 0x00000000c7880000, 0x00000000eab00000)
  object space 123392K, 55% used [0x00000000c0000000,0x00000000c4281740,0x00000000c7880000)
 Metaspace       used 27794K, capacity 29332K, committed 29568K, reserved 1075200K
  class space    used 2611K, capacity 3174K, committed 3200K, reserved 1048576K
}
Event: 149.154 GC heap before
{Heap before GC invocations=62 (full 11):
 PSYoungGen      total 348672K, used 348672K [0x00000000eab00000, 0x0000000100000000, 0x0000000100000000)
  eden space 348160K, 100% used [0x00000000eab00000,0x00000000fff00000,0x00000000fff00000)
  from space 512K, 100% used [0x00000000fff00000,0x00000000fff80000,0x00000000fff80000)
  to   space 512K, 0% used [0x00000000fff80000,0x00000000fff80000,0x0000000100000000)
 ParOldGen       total 123392K, used 68101K [0x00000000c0000000, 0x00000000c7880000, 0x00000000eab00000)
  object space 123392K, 55% used [0x00000000c0000000,0x00000000c4281740,0x00000000c7880000)
 Metaspace       used 31656K, capacity 33305K, committed 33536K, reserved 1079296K
  class space    used 2981K, capacity 3573K, committed 3584K, reserved 1048576K
}
Event: 152.548 GC heap after
{Heap after GC invocations=62 (full 11):
 PSYoungGen      total 294400K, used 496K [0x00000000eab00000, 0x0000000100000000, 0x0000000100000000)
  eden space 293888K, 0% used [0x00000000eab00000,0x00000000eab00000,0x00000000fca00000)
  from space 512K, 96% used [0x00000000fff80000,0x00000000ffffc010,0x0000000100000000)
  to   space 27648K, 0% used [0x00000000fca00000,0x00000000fca00000,0x00000000fe500000)
 ParOldGen       total 123392K, used 84098K [0x00000000c0000000, 0x00000000c7880000, 0x00000000eab00000)
  object space 123392K, 68% used [0x00000000c0000000,0x00000000c5220bf8,0x00000000c7880000)
 Metaspace       used 31656K, capacity 33305K, committed 33536K, reserved 1079296K
  class space    used 2981K, capacity 3573K, committed 3584K, reserved 1048576K
}
Event: 244.394 GC heap before
{Heap before GC invocations=63 (full 11):
 PSYoungGen      total 294400K, used 294384K [0x00000000eab00000, 0x0000000100000000, 0x0000000100000000)
  eden space 293888K, 100% used [0x00000000eab00000,0x00000000fca00000,0x00000000fca00000)
  from space 512K, 96% used [0x00000000fff80000,0x00000000ffffc010,0x0000000100000000)
  to   space 27648K, 0% used [0x00000000fca00000,0x00000000fca00000,0x00000000fe500000)
 ParOldGen       total 123392K, used 84098K [0x00000000c0000000, 0x00000000c7880000, 0x00000000eab00000)
  object space 123392K, 68% used [0x00000000c0000000,0x00000000c5220bf8,0x00000000c7880000)
 Metaspace       used 31923K, capacity 33572K, committed 33792K, reserved 1079296K
  class space    used 2984K, capacity 3578K, committed 3584K, reserved 1048576K
}
Event: 245.296 GC heap after
{Heap after GC invocations=63 (full 11):
 PSYoungGen      total 309760K, used 1095K [0x00000000eab00000, 0x0000000100000000, 0x0000000100000000)
  eden space 282112K, 0% used [0x00000000eab00000,0x00000000eab00000,0x00000000fbe80000)
  from space 27648K, 3% used [0x00000000fca00000,0x00000000fcb11e68,0x00000000fe500000)
  to   space 8704K, 0% used [0x00000000ff780000,0x00000000ff780000,0x0000000100000000)
 ParOldGen       total 123392K, used 84565K [0x00000000c0000000, 0x00000000c7880000, 0x00000000eab00000)
  object space 123392K, 68% used [0x00000000c0000000,0x00000000c5295490,0x00000000c7880000)
 Metaspace       used 31923K, capacity 33572K, committed 33792K, reserved 1079296K
  class space    used 2984K, capacity 3578K, committed 3584K, reserved 1048576K
}
Event: 339.467 GC heap before
{Heap before GC invocations=64 (full 11):
 PSYoungGen      total 309760K, used 283207K [0x00000000eab00000, 0x0000000100000000, 0x0000000100000000)
  eden space 282112K, 100% used [0x00000000eab00000,0x00000000fbe80000,0x00000000fbe80000)
  from space 27648K, 3% used [0x00000000fca00000,0x00000000fcb11e68,0x00000000fe500000)
  to   space 8704K, 0% used [0x00000000ff780000,0x00000000ff780000,0x0000000100000000)
 ParOldGen       total 123392K, used 84565K [0x00000000c0000000, 0x00000000c7880000, 0x00000000eab00000)
  object space 123392K, 68% used [0x00000000c0000000,0x00000000c5295490,0x00000000c7880000)
 Metaspace       used 31975K, capacity 33572K, committed 33792K, reserved 1079296K
  class space    used 2985K, capacity 3578K, committed 3584K, reserved 1048576K
}
Event: 340.073 GC heap after
{Heap after GC invocations=64 (full 11):
 PSYoungGen      total 272896K, used 1671K [0x00000000eab00000, 0x00000000ff980000, 0x0000000100000000)
  eden space 270848K, 0% used [0x00000000eab00000,0x00000000eab00000,0x00000000fb380000)
  from space 2048K, 81% used [0x00000000ff780000,0x00000000ff921e68,0x00000000ff980000)
  to   space 3072K, 0% used [0x00000000ff380000,0x00000000ff380000,0x00000000ff680000)
 ParOldGen       total 123392K, used 84573K [0x00000000c0000000, 0x00000000c7880000, 0x00000000eab00000)
  object space 123392K, 68% used [0x00000000c0000000,0x00000000c5297490,0x00000000c7880000)
 Metaspace       used 31975K, capacity 33572K, committed 33792K, reserved 1079296K
  class space    used 2985K, capacity 3578K, committed 3584K, reserved 1048576K
}
Event: 438.151 GC heap before
{Heap before GC invocations=65 (full 11):
 PSYoungGen      total 272896K, used 272519K [0x00000000eab00000, 0x00000000ff980000, 0x0000000100000000)
  eden space 270848K, 100% used [0x00000000eab00000,0x00000000fb380000,0x00000000fb380000)
  from space 2048K, 81% used [0x00000000ff780000,0x00000000ff921e68,0x00000000ff980000)
  to   space 3072K, 0% used [0x00000000ff380000,0x00000000ff380000,0x00000000ff680000)
 ParOldGen       total 123392K, used 84573K [0x00000000c0000000, 0x00000000c7880000, 0x00000000eab00000)
  object space 123392K, 68% used [0x00000000c0000000,0x00000000c5297490,0x00000000c7880000)
 Metaspace       used 32292K, capacity 34039K, committed 34176K, reserved 1079296K
  class space    used 3008K, capacity 3649K, committed 3712K, reserved 1048576K
}
Event: 439.238 GC heap after
{Heap after GC invocations=65 (full 11):
 PSYoungGen      total 263168K, used 2951K [0x00000000eab00000, 0x00000000ff800000, 0x0000000100000000)
  eden space 260096K, 0% used [0x00000000eab00000,0x00000000eab00000,0x00000000fa900000)
  from space 3072K, 96% used [0x00000000ff380000,0x00000000ff661e68,0x00000000ff680000)
  to   space 1536K, 0% used [0x00000000ff680000,0x00000000ff680000,0x00000000ff800000)
 ParOldGen       total 123392K, used 84581K [0x00000000c0000000, 0x00000000c7880000, 0x00000000eab00000)
  object space 123392K, 68% used [0x00000000c0000000,0x00000000c5299490,0x00000000c7880000)
 Metaspace       used 32292K, capacity 34039K, committed 34176K, reserved 1079296K
  class space    used 3008K, capacity 3649K, committed 3712K, reserved 1048576K
}

Deoptimization events (10 events):
Event: 390.843 Thread 0x0000014af6354800 Uncommon trap: reason=bimorphic_or_optimized_type_check action=maybe_recompile pc=0x0000014a87c92f04 method=org.eclipse.core.internal.localstore.FileSystemResourceManager.getStoreRoot(Lorg/eclipse/core/resources/IResource;)Lorg/eclipse/core/internal/local
Event: 390.844 Thread 0x0000014af6354800 Uncommon trap: reason=bimorphic_or_optimized_type_check action=maybe_recompile pc=0x0000014a87bc7780 method=org.eclipse.core.internal.localstore.FileSystemResourceManager.getStore(Lorg/eclipse/core/resources/IResource;)Lorg/eclipse/core/filesystem/IFileSt
Event: 390.844 Thread 0x0000014af6354800 Uncommon trap: reason=bimorphic_or_optimized_type_check action=maybe_recompile pc=0x0000014a87bf9434 method=org.eclipse.core.internal.resources.Resource.getPathVariableManager()Lorg/eclipse/core/resources/IPathVariableManager; @ 1 c2
Event: 390.844 Thread 0x0000014af6354800 Uncommon trap: reason=bimorphic_or_optimized_type_check action=maybe_recompile pc=0x0000014a87c4ac48 method=org.eclipse.core.internal.resources.Resource.isLinked()Z @ 2 c2
Event: 391.105 Thread 0x0000014af6354800 Uncommon trap: reason=bimorphic_or_optimized_type_check action=maybe_recompile pc=0x0000014a87c92f04 method=org.eclipse.core.internal.localstore.FileSystemResourceManager.getStoreRoot(Lorg/eclipse/core/resources/IResource;)Lorg/eclipse/core/internal/local
Event: 391.105 Thread 0x0000014af6354800 Uncommon trap: reason=bimorphic_or_optimized_type_check action=maybe_recompile pc=0x0000014a87bc7780 method=org.eclipse.core.internal.localstore.FileSystemResourceManager.getStore(Lorg/eclipse/core/resources/IResource;)Lorg/eclipse/core/filesystem/IFileSt
Event: 391.105 Thread 0x0000014af6354800 Uncommon trap: reason=bimorphic_or_optimized_type_check action=maybe_recompile pc=0x0000014a87bf9434 method=org.eclipse.core.internal.resources.Resource.getPathVariableManager()Lorg/eclipse/core/resources/IPathVariableManager; @ 1 c2
Event: 391.105 Thread 0x0000014af6354800 Uncommon trap: reason=bimorphic_or_optimized_type_check action=maybe_recompile pc=0x0000014a87c4ac48 method=org.eclipse.core.internal.resources.Resource.isLinked()Z @ 2 c2
Event: 391.356 Thread 0x0000014af6354800 Uncommon trap: reason=unstable_if action=reinterpret pc=0x0000014a87af8eec method=java.io.InputStream.read([BII)I @ 52 c2
Event: 408.256 Thread 0x0000014af55b1000 Uncommon trap: reason=unstable_if action=reinterpret pc=0x0000014a87ccdb54 method=org.eclipse.core.internal.localstore.UnifiedTree.addChildren(Lorg/eclipse/core/internal/localstore/UnifiedTreeNode;)V @ 167 c2

Classes redefined (0 events):
No events

Internal exceptions (10 events):
Event: 90.853 Thread 0x0000014af6354800 Exception <a 'java/lang/NoSuchMethodError'{0x00000000eff96620}: java.lang.invoke.DirectMethodHandle$Holder.invokeStaticInit(Ljava/lang/Object;Ljava/lang/Object;Ljava/lang/Object;)V> (0x00000000eff96620) thrown at [./open/src/hotspot/share/interpreter/link
Event: 135.894 Thread 0x0000014af55b1000 Exception <a 'java/io/FileNotFoundException'{0x00000000fe51f8c0}> (0x00000000fe51f8c0) thrown at [./open/src/hotspot/share/prims/jni.cpp, line 611]
Event: 135.915 Thread 0x0000014af55b1000 Exception <a 'java/io/FileNotFoundException'{0x00000000fe520a78}> (0x00000000fe520a78) thrown at [./open/src/hotspot/share/prims/jni.cpp, line 611]
Event: 179.786 Thread 0x0000014af55b1000 Exception <a 'java/lang/NoSuchMethodError'{0x00000000ef484530}: java.lang.invoke.DirectMethodHandle$Holder.invokeStatic(Ljava/lang/Object;Ljava/lang/Object;Ljava/lang/Object;I)Ljava/lang/Object;> (0x00000000ef484530) thrown at [./open/src/hotspot/share/in
Event: 179.790 Thread 0x0000014af55b1000 Exception <a 'java/lang/NoSuchMethodError'{0x00000000ef487ef8}: java.lang.invoke.DirectMethodHandle$Holder.invokeSpecial(Ljava/lang/Object;Ljava/lang/Object;Ljava/lang/Object;Ljava/lang/Object;I)Ljava/lang/Object;> (0x00000000ef487ef8) thrown at [./open/s
Event: 179.791 Thread 0x0000014af55b1000 Exception <a 'java/lang/NoSuchMethodError'{0x00000000ef48af58}: java.lang.invoke.Invokers$Holder.linkToTargetMethod(Ljava/lang/Object;Ljava/lang/Object;ILjava/lang/Object;)Ljava/lang/Object;> (0x00000000ef48af58) thrown at [./open/src/hotspot/share/interp
Event: 179.793 Thread 0x0000014af55b1000 Implicit null exception at 0x0000014a87c69cf5 to 0x0000014a87c7237e
Event: 390.272 Thread 0x0000014af6354800 Implicit null exception at 0x0000014a87bb2bf1 to 0x0000014a87bb2ece
Event: 390.476 Thread 0x0000014af6354800 Exception <a 'java/lang/NoSuchMethodError'{0x00000000eabb6030}: java.lang.invoke.DirectMethodHandle$Holder.invokeSpecial(Ljava/lang/Object;Ljava/lang/Object;Ljava/lang/Object;Ljava/lang/Object;Ljava/lang/Object;Ljava/lang/Object;Ljava/lang/Object;Ljava/la
Event: 390.476 Thread 0x0000014af6354800 Exception <a 'java/lang/NoSuchMethodError'{0x00000000eabb9cd8}: java.lang.invoke.Invokers$Holder.linkToTargetMethod(Ljava/lang/Object;Ljava/lang/Object;Ljava/lang/Object;Ljava/lang/Object;Ljava/lang/Object;Ljava/lang/Object;Ljava/lang/Object;Ljava/lang/Ob

Events (10 events):
Event: 391.727 loading class sun/util/resources/TimeZoneNames done
Event: 391.728 loading class sun/util/resources/TimeZoneNames_en
Event: 391.728 loading class sun/util/resources/TimeZoneNames_en done
Event: 394.443 Executing VM operation: RevokeBias
Event: 394.443 Executing VM operation: RevokeBias done
Event: 408.256 Thread 0x0000014af55b1000 Uncommon trap: trap_request=0xffffff4d fr.pc=0x0000014a87ccdb54 relative=0x0000000000001374
Event: 408.257 Thread 0x0000014af55b1000 DEOPT PACKING pc=0x0000014a87ccdb54 sp=0x00000011d42fe790
Event: 408.257 Thread 0x0000014af55b1000 DEOPT UNPACKING pc=0x0000014a80027ba9 sp=0x00000011d42fe718 mode 2
Event: 438.151 Executing VM operation: ParallelGCFailedAllocation
Event: 439.238 Executing VM operation: ParallelGCFailedAllocation done


Dynamic libraries:
0x00007ff658c10000 - 0x00007ff658c1f000 	C:\Program Files\Java\jdk-11.0.9\bin\java.exe
0x00007ff8317d0000 - 0x00007ff8319c5000 	C:\Windows\SYSTEM32\ntdll.dll
0x00007ff8316d0000 - 0x00007ff83178d000 	C:\Windows\System32\KERNEL32.DLL
0x00007ff82f010000 - 0x00007ff82f2d8000 	C:\Windows\System32\KERNELBASE.dll
0x00007ff82ef10000 - 0x00007ff82f010000 	C:\Windows\System32\ucrtbase.dll
0x00007ff81f050000 - 0x00007ff81f068000 	C:\Program Files\Java\jdk-11.0.9\bin\jli.dll
0x00007ff830b20000 - 0x00007ff830bcc000 	C:\Windows\System32\ADVAPI32.dll
0x00007ff82fe80000 - 0x00007ff82ff1e000 	C:\Windows\System32\msvcrt.dll
0x00007ff82fa50000 - 0x00007ff82faeb000 	C:\Windows\System32\sechost.dll
0x00007ff8301b0000 - 0x00007ff8302db000 	C:\Windows\System32\RPCRT4.dll
0x00007ff82f8b0000 - 0x00007ff82fa50000 	C:\Windows\System32\USER32.dll
0x00007ff82f750000 - 0x00007ff82f772000 	C:\Windows\System32\win32u.dll
0x00007ff830370000 - 0x00007ff83039a000 	C:\Windows\System32\GDI32.dll
0x00007ff82f640000 - 0x00007ff82f74b000 	C:\Windows\System32\gdi32full.dll
0x00007ff82f5a0000 - 0x00007ff82f63d000 	C:\Windows\System32\msvcp_win.dll
0x00007ff81f070000 - 0x00007ff81f085000 	C:\Program Files\Java\jdk-11.0.9\bin\VCRUNTIME140.dll
0x00007ff81c4b0000 - 0x00007ff81c74a000 	C:\Windows\WinSxS\amd64_microsoft.windows.common-controls_6595b64144ccf1df_6.0.19041.844_none_ca00b6081b84eb1d\COMCTL32.dll
0x00007ff8262b0000 - 0x00007ff8262ba000 	C:\Windows\SYSTEM32\VERSION.dll
0x00007ff8303a0000 - 0x00007ff8303d0000 	C:\Windows\System32\IMM32.DLL
0x00007ffff5c90000 - 0x00007ffff5d2b000 	C:\Program Files\Java\jdk-11.0.9\bin\msvcp140.dll
0x00007fffc5990000 - 0x00007fffc6487000 	C:\Program Files\Java\jdk-11.0.9\bin\server\jvm.dll
0x00007ff830c60000 - 0x00007ff830c68000 	C:\Windows\System32\PSAPI.DLL
0x00007ff812b70000 - 0x00007ff812b79000 	C:\Windows\SYSTEM32\WSOCK32.dll
0x00007ff830bd0000 - 0x00007ff830c3b000 	C:\Windows\System32\WS2_32.dll
0x00007ff81cdd0000 - 0x00007ff81cdf7000 	C:\Windows\SYSTEM32\WINMM.dll
0x00007ff82ce20000 - 0x00007ff82ce32000 	C:\Windows\SYSTEM32\kernel.appcore.dll
0x00007ff81e440000 - 0x00007ff81e450000 	C:\Program Files\Java\jdk-11.0.9\bin\verify.dll
0x00007ff828720000 - 0x00007ff828904000 	C:\Windows\SYSTEM32\DBGHELP.DLL
0x00007ff815170000 - 0x00007ff81519c000 	C:\Windows\SYSTEM32\dbgcore.DLL
0x00007ff82f2e0000 - 0x00007ff82f360000 	C:\Windows\System32\bcryptPrimitives.dll
0x00007ffffcda0000 - 0x00007ffffcdc8000 	C:\Program Files\Java\jdk-11.0.9\bin\java.dll
0x00007ff80adf0000 - 0x00007ff80adfa000 	C:\Program Files\Java\jdk-11.0.9\bin\jimage.dll
0x00007ffffee70000 - 0x00007ffffee86000 	C:\Program Files\Java\jdk-11.0.9\bin\zip.dll
0x00007ff8303d0000 - 0x00007ff830b12000 	C:\Windows\System32\SHELL32.dll
0x00007ff82d020000 - 0x00007ff82d7b0000 	C:\Windows\SYSTEM32\windows.storage.dll
0x00007ff831310000 - 0x00007ff831665000 	C:\Windows\System32\combase.dll
0x00007ff82e8b0000 - 0x00007ff82e8dc000 	C:\Windows\SYSTEM32\Wldp.dll
0x00007ff82ffd0000 - 0x00007ff83007e000 	C:\Windows\System32\SHCORE.dll
0x00007ff82fb50000 - 0x00007ff82fba5000 	C:\Windows\System32\shlwapi.dll
0x00007ff82ee50000 - 0x00007ff82ee6f000 	C:\Windows\SYSTEM32\profapi.dll
0x00007ffffece0000 - 0x00007ffffecf9000 	C:\Program Files\Java\jdk-11.0.9\bin\net.dll
0x00007ff81c930000 - 0x00007ff81ca3b000 	C:\Windows\SYSTEM32\WINHTTP.dll
0x00007ff82e620000 - 0x00007ff82e68a000 	C:\Windows\system32\mswsock.dll
0x00007ffffc140000 - 0x00007ffffc152000 	C:\Program Files\Java\jdk-11.0.9\bin\nio.dll
0x00007ff82e800000 - 0x00007ff82e818000 	C:\Windows\SYSTEM32\CRYPTSP.dll
0x00007ff82dfa0000 - 0x00007ff82dfd4000 	C:\Windows\system32\rsaenh.dll
0x00007ff82f360000 - 0x00007ff82f387000 	C:\Windows\System32\bcrypt.dll
0x00007ff82ee10000 - 0x00007ff82ee3e000 	C:\Windows\SYSTEM32\USERENV.dll
0x00007ff82e7f0000 - 0x00007ff82e7fc000 	C:\Windows\SYSTEM32\CRYPTBASE.dll
0x00007ff82e310000 - 0x00007ff82e34b000 	C:\Windows\SYSTEM32\IPHLPAPI.DLL
0x00007ff831210000 - 0x00007ff831218000 	C:\Windows\System32\NSI.dll
0x00007ff81eb60000 - 0x00007ff81eb77000 	C:\Windows\SYSTEM32\dhcpcsvc6.DLL
0x00007ff81eb20000 - 0x00007ff81eb3d000 	C:\Windows\SYSTEM32\dhcpcsvc.DLL
0x00007ff82e350000 - 0x00007ff82e41c000 	C:\Windows\SYSTEM32\DNSAPI.dll
0x00007ff812bd0000 - 0x00007ff812bf9000 	C:\Users\akate\AppData\Roaming\Code\User\globalStorage\redhat.java\0.79.2\config_ss_win\org.eclipse.equinox.launcher\org.eclipse.equinox.launcher.win32.win32.x86_64_1.2.200.v20210406-1409\eclipse_11401.dll

dbghelp: loaded successfully - version: 4.0.5 - missing functions: none
symbol engine: initialized successfully - sym options: 0x614 - pdb path: .;C:\Program Files\Java\jdk-11.0.9\bin;C:\Windows\SYSTEM32;C:\Windows\WinSxS\amd64_microsoft.windows.common-controls_6595b64144ccf1df_6.0.19041.844_none_ca00b6081b84eb1d;C:\Program Files\Java\jdk-11.0.9\bin\server;C:\Users\akate\AppData\Roaming\Code\User\globalStorage\redhat.java\0.79.2\config_ss_win\org.eclipse.equinox.launcher\org.eclipse.equinox.launcher.win32.win32.x86_64_1.2.200.v20210406-1409

VM Arguments:
jvm_args: --add-modules=ALL-SYSTEM --add-opens=java.base/java.util=ALL-UNNAMED --add-opens=java.base/java.lang=ALL-UNNAMED -Declipse.application=org.eclipse.jdt.ls.core.id1 -Dosgi.bundles.defaultStartLevel=4 -Declipse.product=org.eclipse.jdt.ls.core.product -Dfile.encoding=utf8 -DwatchParentProcess=false -XX:+UseParallelGC -XX:GCTimeRatio=4 -XX:AdaptiveSizePolicyWeight=90 -Dsun.zip.disableMemoryMapping=true -Xmx1G -Xms100m -Xverify:none 
java_command: c:\Users\akate\.vscode\extensions\redhat.java-0.79.2\server\plugins\org.eclipse.equinox.launcher_1.6.100.v20201223-0822.jar -configuration c:\Users\akate\AppData\Roaming\Code\User\globalStorage\redhat.java\0.79.2\config_ss_win -data c:\Users\akate\AppData\Roaming\Code\User\workspaceStorage\0de352537d9aee39ac3b3ecf3f54bbdf\redhat.java\ss_ws
java_class_path (initial): c:\Users\akate\.vscode\extensions\redhat.java-0.79.2\server\plugins\org.eclipse.equinox.launcher_1.6.100.v20201223-0822.jar
Launcher Type: SUN_STANDARD

[Global flags]
    uintx AdaptiveSizePolicyWeight                 = 90                                        {product} {command line}
     bool BytecodeVerificationLocal                = false                                     {product} {command line}
     bool BytecodeVerificationRemote               = false                                     {product} {command line}
     intx CICompilerCount                          = 2                                         {product} {ergonomic}
    uintx GCTimeRatio                              = 4                                         {product} {command line}
   size_t InitialHeapSize                          = 104857600                                 {product} {command line}
   size_t MaxHeapSize                              = 1073741824                                {product} {command line}
   size_t MaxNewSize                               = 357564416                                 {product} {ergonomic}
   size_t MinHeapDeltaBytes                        = 524288                                    {product} {ergonomic}
   size_t NewSize                                  = 34603008                                  {product} {ergonomic}
    uintx NonNMethodCodeHeapSize                   = 5825164                                {pd product} {ergonomic}
    uintx NonProfiledCodeHeapSize                  = 122916538                              {pd product} {ergonomic}
   size_t OldSize                                  = 70254592                                  {product} {ergonomic}
    uintx ProfiledCodeHeapSize                     = 122916538                              {pd product} {ergonomic}
    uintx ReservedCodeCacheSize                    = 251658240                              {pd product} {ergonomic}
     bool SegmentedCodeCache                       = true                                      {product} {ergonomic}
     bool UseCompressedClassPointers               = true                                 {lp64_product} {ergonomic}
     bool UseCompressedOops                        = true                                 {lp64_product} {ergonomic}
     bool UseLargePagesIndividualAllocation        = false                                  {pd product} {ergonomic}
     bool UseParallelGC                            = true                                      {product} {command line}

Logging:
Log output configuration:
 #0: stdout all=warning uptime,level,tags
 #1: stderr all=off uptime,level,tags

Environment Variables:
JAVA_HOME=C:\Program Files\Java\jdk-11.0.9
PATH=C:\Program Files\Common Files\Oracle\Java\javapath;C:\Program Files (x86)\Common Files\Oracle\Java\javapath;C:\Windows\system32;C:\Windows;C:\Windows\System32\Wbem;C:\Windows\System32\WindowsPowerShell\v1.0\;C:\Windows\System32\OpenSSH\;C:\Program Files\nodejs\;C:\ProgramData\chocolatey\bin;C:\Program Files\Git\cmd;C:\Program Files (x86)\Yarn\bin\;C:\xampp\mysql\bin;;C:\Program Files\Docker\Docker\resources\bin;C:\ProgramData\DockerDesktop\version-bin;C:\Users\akate\AppData\Local\Programs\Python\Python39\Scripts\;C:\Users\akate\AppData\Local\Programs\Python\Python39\;C:\Users\akate\AppData\Local\Microsoft\WindowsApps;C:\Users\akate\AppData\Roaming\npm;C:\Program Files\JetBrains\IntelliJ IDEA 2020.3.1\bin;;C:\Users\akate\AppData\Local\Yarn\bin;C:\cmder\bin;C:\Users\akate\AppData\Local\Programs\Microsoft VS Code\bin;C:\Program Files\heroku\bin;C:\Program Files\apache-maven-3.8.1\bin;C:\Program Files\Docker\Docker\resources\bin;
USERNAME=Saou1
OS=Windows_NT
PROCESSOR_IDENTIFIER=Intel64 Family 6 Model 142 Stepping 12, GenuineIntel



---------------  S Y S T E M  ---------------

OS: Windows 10 , 64 bit Build 19041 (10.0.19041.928)
HyperV virtualization detected

CPU:total 2 (initial active 2) (2 cores per cpu, 1 threads per core) family 6 model 142 stepping 12, cmov, cx8, fxsr, mmx, sse, sse2, sse3, ssse3, sse4.1, sse4.2, popcnt, aes, clmul, erms, 3dnowpref, lzcnt, tsc, tscinvbit

Memory: 4k page, system-wide physical 3930M (94M free)
TotalPageFile size 16218M (AvailPageFile size 3M)
current process WorkingSet (physical memory assigned to process): 204M, peak: 456M
current process commit charge ("private bytes"): 570M, peak: 609M

vm_info: Java HotSpot(TM) 64-Bit Server VM (11.0.9+7-LTS) for windows-amd64 JRE (11.0.9+7-LTS), built on Sep 15 2020 16:47:03 by "mach5one" with MS VC++ 15.9 (VS2017)

END.
